<?xml version="1.0" encoding="utf-8"?><testsuites name="pytest tests"><testsuite name="pytest" errors="0" failures="0" skipped="0" tests="15" time="6.351" timestamp="2026-04-02T14:06:28.551938+00:00" hostname="agent-env-32ed95c8-3c76-44d9-b974-e43f7c72fbb6"><testcase classname="backend.tests.test_audit_logs.TestAuditLogAuthentication" name="test_login_and_get_token" time="0.449" /><testcase classname="backend.tests.test_audit_logs.TestAuditLogEndpoints" name="test_get_audit_logs_returns_list" time="0.417" /><testcase classname="backend.tests.test_audit_logs.TestAuditLogEndpoints" name="test_get_audit_logs_with_pagination" time="0.436" /><testcase classname="backend.tests.test_audit_logs.TestAuditLogEndpoints" name="test_filter_by_action_type" time="0.421" /><testcase classname="backend.tests.test_audit_logs.TestAuditLogEndpoints" name="test_filter_by_module" time="0.479" /><testcase classname="backend.tests.test_audit_logs.TestAuditLogEndpoints" name="test_filter_by_user_name" time="0.436" /><testcase classname="backend.tests.test_audit_logs.TestAuditLogEndpoints" name="test_filter_by_date_range" time="0.402" /><testcase classname="backend.tests.test_audit_logs.TestAuditLogEndpoints" name="test_get_audit_log_filters" time="0.378" /><testcase classname="backend.tests.test_audit_logs.TestAuditLogExport" name="test_export_csv" time="0.434" /><testcase classname="backend.tests.test_audit_logs.TestAuditLogExport" name="test_export_pdf" time="0.530" /><testcase classname="backend.tests.test_audit_logs.TestAuditLogExport" name="test_export_csv_with_filters" time="0.464" /><testcase classname="backend.tests.test_audit_logs.TestAuditLogImmutability" name="test_no_put_endpoint_for_audit_logs" time="0.454" /><testcase classname="backend.tests.test_audit_logs.TestAuditLogImmutability" name="test_no_delete_endpoint_for_audit_logs" time="0.456" /><testcase classname="backend.tests.test_audit_logs.TestAuditLogImmutability" name="test_no_post_endpoint_for_manual_audit_creation" time="0.396" /><testcase classname="backend.tests.test_audit_logs.TestAuditLogAccessControl" name="test_unauthenticated_access_denied" time="0.106" /></testsuite></testsuites>