<?xml version="1.0" encoding="utf-8"?><testsuites name="pytest tests"><testsuite name="pytest" errors="0" failures="0" skipped="0" tests="31" time="11.788" timestamp="2026-04-03T16:43:43.868973+00:00" hostname="agent-env-32ed95c8-3c76-44d9-b974-e43f7c72fbb6"><testcase classname="backend.tests.test_audit_logs.TestAuditLogsAPI" name="test_audit_stats_returns_200" time="0.473" /><testcase classname="backend.tests.test_audit_logs.TestAuditLogsAPI" name="test_audit_stats_has_required_fields" time="0.423" /><testcase classname="backend.tests.test_audit_logs.TestAuditLogsAPI" name="test_audit_stats_values_are_integers" time="0.430" /><testcase classname="backend.tests.test_audit_logs.TestAuditLogsAPI" name="test_audit_logs_returns_200" time="0.446" /><testcase classname="backend.tests.test_audit_logs.TestAuditLogsAPI" name="test_audit_logs_has_logs_and_total" time="0.393" /><testcase classname="backend.tests.test_audit_logs.TestAuditLogsAPI" name="test_audit_logs_have_required_fields" time="0.417" /><testcase classname="backend.tests.test_audit_logs.TestAuditLogsAPI" name="test_audit_logs_seeded_100_demo_entries" time="0.387" /><testcase classname="backend.tests.test_audit_logs.TestAuditLogsAPI" name="test_audit_logs_pagination_works" time="0.429" /><testcase classname="backend.tests.test_audit_logs.TestAuditLogsAPI" name="test_audit_logs_filter_by_action_type" time="0.400" /><testcase classname="backend.tests.test_audit_logs.TestAuditLogsAPI" name="test_audit_logs_filter_by_user_name" time="0.483" /><testcase classname="backend.tests.test_audit_logs.TestAuditLogsAPI" name="test_audit_logs_filter_by_module" time="0.385" /><testcase classname="backend.tests.test_audit_logs.TestAuditLogsAPI" name="test_audit_logs_filter_by_date_range" time="0.431" /><testcase classname="backend.tests.test_audit_logs.TestAuditLogsAPI" name="test_audit_filters_returns_200" time="0.394" /><testcase classname="backend.tests.test_audit_logs.TestAuditLogsAPI" name="test_audit_filters_has_required_fields" time="0.416" /><testcase classname="backend.tests.test_audit_logs.TestAuditLogsAPI" name="test_audit_filters_action_types_not_empty" time="0.392" /><testcase classname="backend.tests.test_audit_logs.TestAuditLogsAPI" name="test_audit_filters_contains_expected_action_types" time="0.380" /><testcase classname="backend.tests.test_audit_logs.TestAuditLogsAPI" name="test_audit_filters_modules_not_empty" time="0.395" /><testcase classname="backend.tests.test_audit_logs.TestAuditLogsAPI" name="test_audit_filters_users_not_empty" time="0.432" /><testcase classname="backend.tests.test_audit_logs.TestAuditLogsAPI" name="test_audit_export_csv_returns_200" time="0.398" /><testcase classname="backend.tests.test_audit_logs.TestAuditLogsAPI" name="test_audit_export_csv_content_type" time="0.427" /><testcase classname="backend.tests.test_audit_logs.TestAuditLogsAPI" name="test_audit_export_csv_has_content_disposition" time="0.398" /><testcase classname="backend.tests.test_audit_logs.TestAuditLogsAPI" name="test_audit_export_csv_has_headers" time="0.418" /><testcase classname="backend.tests.test_audit_logs.TestAuditLogsAPI" name="test_audit_export_csv_has_data_rows" time="0.396" /><testcase classname="backend.tests.test_audit_logs.TestAuditLogsAPI" name="test_audit_export_csv_with_filters" time="0.376" /><testcase classname="backend.tests.test_audit_logs.TestAuditLogsAPI" name="test_audit_logs_have_various_action_types" time="0.399" /><testcase classname="backend.tests.test_audit_logs.TestAuditLogsAPI" name="test_audit_logs_have_details_field" time="0.420" /><testcase classname="backend.tests.test_audit_logs.TestAuditLogsAPI" name="test_audit_logs_details_is_dict" time="0.465" /><testcase classname="backend.tests.test_audit_logs.TestAuditLogsAccessControl" name="test_audit_logs_requires_auth" time="0.123" /><testcase classname="backend.tests.test_audit_logs.TestAuditLogsAccessControl" name="test_audit_stats_requires_auth" time="0.137" /><testcase classname="backend.tests.test_audit_logs.TestAuditLogsAccessControl" name="test_audit_filters_requires_auth" time="0.104" /><testcase classname="backend.tests.test_audit_logs.TestAuditLogsAccessControl" name="test_audit_export_requires_auth" time="0.115" /></testsuite></testsuites>