<?xml version="1.0" encoding="utf-8"?><testsuites name="pytest tests"><testsuite name="pytest" errors="0" failures="0" skipped="0" tests="23" time="9.413" timestamp="2026-04-14T19:06:36.063472+00:00" hostname="agent-env-32ed95c8-3c76-44d9-b974-e43f7c72fbb6"><testcase classname="backend.tests.test_bulk_screening.TestBulkScreeningAuth" name="test_csv_template_requires_auth" time="0.195" /><testcase classname="backend.tests.test_bulk_screening.TestBulkScreeningAuth" name="test_upload_requires_auth" time="0.122" /><testcase classname="backend.tests.test_bulk_screening.TestBulkScreeningAuth" name="test_history_requires_auth" time="0.111" /><testcase classname="backend.tests.test_bulk_screening.TestCSVTemplate" name="test_csv_template_returns_200" time="0.621" /><testcase classname="backend.tests.test_bulk_screening.TestCSVTemplate" name="test_csv_template_content_type" time="0.416" /><testcase classname="backend.tests.test_bulk_screening.TestCSVTemplate" name="test_csv_template_has_correct_headers" time="0.418" /><testcase classname="backend.tests.test_bulk_screening.TestCSVTemplate" name="test_csv_template_has_3_example_rows" time="0.408" /><testcase classname="backend.tests.test_bulk_screening.TestCSVUpload" name="test_upload_valid_csv_returns_batch_id" time="0.418" /><testcase classname="backend.tests.test_bulk_screening.TestCSVUpload" name="test_upload_empty_csv_returns_400" time="0.385" /><testcase classname="backend.tests.test_bulk_screening.TestCSVUpload" name="test_upload_invalid_csv_no_name_column_returns_400" time="0.405" /><testcase classname="backend.tests.test_bulk_screening.TestCSVUpload" name="test_upload_preview_contains_entity_data" time="0.379" /><testcase classname="backend.tests.test_bulk_screening.TestBulkScreeningRun" name="test_run_screening_returns_results" time="0.480" /><testcase classname="backend.tests.test_bulk_screening.TestBulkScreeningRun" name="test_run_screening_results_have_required_fields" time="0.443" /><testcase classname="backend.tests.test_bulk_screening.TestBulkScreeningRun" name="test_run_screening_invalid_batch_returns_404" time="0.404" /><testcase classname="backend.tests.test_bulk_screening.TestBulkScreeningRun" name="test_run_screening_already_completed_returns_400" time="0.551" /><testcase classname="backend.tests.test_bulk_screening.TestBulkScreeningProgress" name="test_progress_returns_screened_count_and_total" time="0.487" /><testcase classname="backend.tests.test_bulk_screening.TestBulkScreeningProgress" name="test_progress_invalid_batch_returns_404" time="0.426" /><testcase classname="backend.tests.test_bulk_screening.TestBulkScreeningDownload" name="test_download_returns_xlsx_file" time="0.557" /><testcase classname="backend.tests.test_bulk_screening.TestBulkScreeningDownload" name="test_download_invalid_batch_returns_404" time="0.374" /><testcase classname="backend.tests.test_bulk_screening.TestBulkScreeningDownload" name="test_download_incomplete_batch_returns_400" time="0.475" /><testcase classname="backend.tests.test_bulk_screening.TestBulkScreeningHistory" name="test_history_returns_batches_list" time="0.382" /><testcase classname="backend.tests.test_bulk_screening.TestBulkScreeningHistory" name="test_history_batch_has_required_fields" time="0.518" /><testcase classname="backend.tests.test_bulk_screening.TestBulkScreeningHistory" name="test_history_shows_completed_batches_with_match_count" time="0.380" /></testsuite></testsuites>