<?xml version="1.0" encoding="utf-8"?><testsuites name="pytest tests"><testsuite name="pytest" errors="0" failures="0" skipped="0" tests="24" time="11.966" timestamp="2026-04-03T16:27:46.318860+00:00" hostname="agent-env-32ed95c8-3c76-44d9-b974-e43f7c72fbb6"><testcase classname="backend.tests.test_cases.TestCasesBackend" name="test_get_cases_returns_list" time="0.511" /><testcase classname="backend.tests.test_cases.TestCasesBackend" name="test_cases_have_required_fields" time="0.406" /><testcase classname="backend.tests.test_cases.TestCasesBackend" name="test_cases_have_valid_statuses" time="0.388" /><testcase classname="backend.tests.test_cases.TestCasesBackend" name="test_cases_have_valid_priorities" time="0.392" /><testcase classname="backend.tests.test_cases.TestCasesBackend" name="test_cases_have_valid_case_types" time="0.443" /><testcase classname="backend.tests.test_cases.TestCasesBackend" name="test_get_case_stats" time="0.382" /><testcase classname="backend.tests.test_cases.TestCasesBackend" name="test_stats_total_matches_sum" time="0.402" /><testcase classname="backend.tests.test_cases.TestCasesBackend" name="test_get_team_members" time="0.410" /><testcase classname="backend.tests.test_cases.TestCasesBackend" name="test_team_members_have_required_fields" time="0.384" /><testcase classname="backend.tests.test_cases.TestCasesBackend" name="test_update_case_status" time="0.489" /><testcase classname="backend.tests.test_cases.TestCasesBackend" name="test_update_status_invalid_status" time="0.474" /><testcase classname="backend.tests.test_cases.TestCasesBackend" name="test_update_status_nonexistent_case" time="0.448" /><testcase classname="backend.tests.test_cases.TestCasesBackend" name="test_resolve_case_valid_types" time="0.525" /><testcase classname="backend.tests.test_cases.TestCasesBackend" name="test_resolve_case_invalid_type" time="0.517" /><testcase classname="backend.tests.test_cases.TestCasesBackend" name="test_assign_case_to_team_member" time="1.549" /><testcase classname="backend.tests.test_cases.TestCasesBackend" name="test_unassign_case" time="0.520" /><testcase classname="backend.tests.test_cases.TestCasesBackend" name="test_generate_sar_report" time="0.456" /><testcase classname="backend.tests.test_cases.TestCasesBackend" name="test_generate_sar_nonexistent_case" time="0.380" /><testcase classname="backend.tests.test_cases.TestCasesBackend" name="test_get_case_notes" time="0.494" /><testcase classname="backend.tests.test_cases.TestCasesBackend" name="test_add_case_note" time="0.595" /><testcase classname="backend.tests.test_cases.TestCasesBackend" name="test_case_notes_have_required_fields" time="0.464" /><testcase classname="backend.tests.test_cases.TestCasesBackend" name="test_demo_cases_seeded" time="0.446" /><testcase classname="backend.tests.test_cases.TestCasesBackend" name="test_demo_cases_have_urgency_data" time="0.399" /><testcase classname="backend.tests.test_cases.TestCasesBackend" name="test_demo_cases_distribution" time="0.389" /></testsuite></testsuites>