<?xml version="1.0" encoding="utf-8"?><testsuites name="pytest tests"><testsuite name="pytest" errors="0" failures="3" skipped="0" tests="29" time="3.082" timestamp="2026-04-03T16:05:42.633102+00:00" hostname="agent-env-32ed95c8-3c76-44d9-b974-e43f7c72fbb6"><testcase classname="backend.tests.test_customers.TestCustomersListEndpoint" name="test_get_customers_returns_list" time="0.500" /><testcase classname="backend.tests.test_customers.TestCustomersListEndpoint" name="test_customers_have_required_fields" time="0.075"><failure message="AssertionError: Missing field: kyc_status&#10;assert 'kyc_status' in {'cdd_status': 'not_started', 'cdd_tier': 'standard_cdd', 'created_at': '2026-04-02T19:17:00.491662+00:00', 'created_by': '25f0321c-8e5d-4b49-bd35-75ae6fbd6664', ...}">backend/tests/test_customers.py:72: in test_customers_have_required_fields
    assert field in customer, f"Missing field: {field}"
E   AssertionError: Missing field: kyc_status
E   assert 'kyc_status' in {'cdd_status': 'not_started', 'cdd_tier': 'standard_cdd', 'created_at': '2026-04-02T19:17:00.491662+00:00', 'created_by': '25f0321c-8e5d-4b49-bd35-75ae6fbd6664', ...}</failure></testcase><testcase classname="backend.tests.test_customers.TestCustomersListEndpoint" name="test_filter_by_risk_level_high" time="0.060" /><testcase classname="backend.tests.test_customers.TestCustomersListEndpoint" name="test_filter_by_risk_level_low" time="0.054" /><testcase classname="backend.tests.test_customers.TestCustomersListEndpoint" name="test_filter_by_kyc_status_verified" time="0.058" /><testcase classname="backend.tests.test_customers.TestCustomersListEndpoint" name="test_filter_by_nationality" time="0.064" /><testcase classname="backend.tests.test_customers.TestCustomersListEndpoint" name="test_search_by_name" time="0.054" /><testcase classname="backend.tests.test_customers.TestCustomersListEndpoint" name="test_pagination_works" time="0.110" /><testcase classname="backend.tests.test_customers.TestPEPCustomers" name="test_pep_customers_exist" time="0.100" /><testcase classname="backend.tests.test_customers.TestPEPCustomers" name="test_rajendra_prasad_yadav_pep" time="0.059" /><testcase classname="backend.tests.test_customers.TestPEPCustomers" name="test_laxmi_devi_sharma_pep" time="0.051" /><testcase classname="backend.tests.test_customers.TestPEPCustomers" name="test_balakrishnan_nair_pillai_pep" time="0.072" /><testcase classname="backend.tests.test_customers.TestCustomerDetailEndpoint" name="test_get_customer_by_id" time="0.113" /><testcase classname="backend.tests.test_customers.TestCustomerDetailEndpoint" name="test_get_customer_not_found" time="0.052" /><testcase classname="backend.tests.test_customers.TestCustomerDetailEndpoint" name="test_customer_has_risk_breakdown" time="0.157"><failure message="AssertionError: assert 'risk_breakdown' in {'cases': [], 'cdd_status': 'not_started', 'cdd_tier': 'standard_cdd', 'created_at': '2026-04-02T19:17:00.491662+00:00', ...}">backend/tests/test_customers.py:237: in test_customer_has_risk_breakdown
    assert "risk_breakdown" in customer
E   AssertionError: assert 'risk_breakdown' in {'cases': [], 'cdd_status': 'not_started', 'cdd_tier': 'standard_cdd', 'created_at': '2026-04-02T19:17:00.491662+00:00', ...}</failure></testcase><testcase classname="backend.tests.test_customers.TestCustomerTimelineEndpoint" name="test_get_timeline" time="0.126" /><testcase classname="backend.tests.test_customers.TestCustomerTimelineEndpoint" name="test_timeline_has_required_fields" time="0.120" /><testcase classname="backend.tests.test_customers.TestCustomerTimelineEndpoint" name="test_pep_customer_has_pep_match_event" time="0.104" /><testcase classname="backend.tests.test_customers.TestCustomerTimelineEndpoint" name="test_pep_customer_has_case_opened_event" time="0.109" /><testcase classname="backend.tests.test_customers.TestCustomerNotesEndpoint" name="test_get_notes" time="0.120" /><testcase classname="backend.tests.test_customers.TestCustomerNotesEndpoint" name="test_add_note" time="0.109" /><testcase classname="backend.tests.test_customers.TestCustomerNotesEndpoint" name="test_add_note_persists" time="0.159" /><testcase classname="backend.tests.test_customers.TestCustomerNotesEndpoint" name="test_add_note_empty_text_fails" time="0.110" /><testcase classname="backend.tests.test_customers.TestCustomerScreeningsEndpoint" name="test_get_screenings" time="0.111" /><testcase classname="backend.tests.test_customers.TestCustomerScreeningsEndpoint" name="test_screenings_not_found_for_invalid_customer" time="0.059" /><testcase classname="backend.tests.test_customers.TestCustomerDocuments" name="test_customer_has_documents" time="0.053" /><testcase classname="backend.tests.test_customers.TestCDDTiers" name="test_cdd_tiers_are_valid" time="0.058" /><testcase classname="backend.tests.test_customers.TestCDDTiers" name="test_high_risk_customers_have_edd" time="0.050" /><testcase classname="backend.tests.test_customers.TestCDDTiers" name="test_low_risk_customers_have_sdd" time="0.073"><failure message="AssertionError: Low risk customer should have SDD, got standard_cdd&#10;assert 'standard_cdd' == 'sdd'&#10;  &#10;  - sdd&#10;  + standard_cdd">backend/tests/test_customers.py:434: in test_low_risk_customers_have_sdd
    assert customer["cdd_tier"] == "sdd", f"Low risk customer should have SDD, got {customer['cdd_tier']}"
E   AssertionError: Low risk customer should have SDD, got standard_cdd
E   assert 'standard_cdd' == 'sdd'
E     
E     - sdd
E     + standard_cdd</failure></testcase></testsuite></testsuites>