<?xml version="1.0" encoding="utf-8"?><testsuites name="pytest tests"><testsuite name="pytest" errors="0" failures="0" skipped="0" tests="22" time="2.352" timestamp="2026-04-03T17:10:24.386518+00:00" hostname="agent-env-32ed95c8-3c76-44d9-b974-e43f7c72fbb6"><testcase classname="backend.tests.test_dashboard.TestDashboardStats" name="test_stats_endpoint_returns_200" time="0.619" /><testcase classname="backend.tests.test_dashboard.TestDashboardStats" name="test_stats_has_total_customers" time="0.067" /><testcase classname="backend.tests.test_dashboard.TestDashboardStats" name="test_stats_has_pending_reviews" time="0.065" /><testcase classname="backend.tests.test_dashboard.TestDashboardStats" name="test_stats_has_high_risk_customers" time="0.060" /><testcase classname="backend.tests.test_dashboard.TestDashboardStats" name="test_stats_has_open_cases" time="0.137" /><testcase classname="backend.tests.test_dashboard.TestDashboardStats" name="test_stats_has_risk_distribution" time="0.070" /><testcase classname="backend.tests.test_dashboard.TestDashboardStats" name="test_stats_has_screening_stats" time="0.078" /><testcase classname="backend.tests.test_dashboard.TestDashboardStats" name="test_stats_has_kyc_stats" time="0.061" /><testcase classname="backend.tests.test_dashboard.TestDashboardStats" name="test_stats_has_cdd_breakdown" time="0.083" /><testcase classname="backend.tests.test_dashboard.TestDashboardStats" name="test_stats_has_api_usage" time="0.068" /><testcase classname="backend.tests.test_dashboard.TestDashboardStats" name="test_stats_has_integrations" time="0.061" /><testcase classname="backend.tests.test_dashboard.TestDashboardTrends" name="test_trends_endpoint_returns_200" time="0.065" /><testcase classname="backend.tests.test_dashboard.TestDashboardTrends" name="test_trends_has_trends_array" time="0.062" /><testcase classname="backend.tests.test_dashboard.TestDashboardTrends" name="test_trends_has_7_days" time="0.065" /><testcase classname="backend.tests.test_dashboard.TestDashboardTrends" name="test_trends_has_required_fields" time="0.077" /><testcase classname="backend.tests.test_dashboard.TestActivityFeed" name="test_activity_feed_returns_200" time="0.060" /><testcase classname="backend.tests.test_dashboard.TestActivityFeed" name="test_activity_feed_has_feed_array" time="0.054" /><testcase classname="backend.tests.test_dashboard.TestActivityFeed" name="test_activity_feed_entry_has_required_fields" time="0.052" /><testcase classname="backend.tests.test_dashboard.TestActivityFeed" name="test_activity_feed_has_customer_name_when_applicable" time="0.046" /><testcase classname="backend.tests.test_dashboard.TestDashboardAuth" name="test_stats_requires_auth" time="0.123" /><testcase classname="backend.tests.test_dashboard.TestDashboardAuth" name="test_trends_requires_auth" time="0.129" /><testcase classname="backend.tests.test_dashboard.TestDashboardAuth" name="test_activity_feed_requires_auth" time="0.152" /></testsuite></testsuites>