<?xml version="1.0" encoding="utf-8"?><testsuites name="pytest tests"><testsuite name="pytest" errors="0" failures="0" skipped="0" tests="20" time="9.331" timestamp="2026-04-14T18:11:42.641395+00:00" hostname="agent-env-32ed95c8-3c76-44d9-b974-e43f7c72fbb6"><testcase classname="backend.tests.test_digilocker.TestDigiLockerVerification" name="test_aadhaar_verify_valid_12_digit" time="0.568" /><testcase classname="backend.tests.test_digilocker.TestDigiLockerVerification" name="test_aadhaar_verify_invalid_short_number" time="0.451" /><testcase classname="backend.tests.test_digilocker.TestDigiLockerVerification" name="test_aadhaar_verify_invalid_non_digit" time="0.453" /><testcase classname="backend.tests.test_digilocker.TestDigiLockerVerification" name="test_aadhaar_verify_empty_number" time="0.431" /><testcase classname="backend.tests.test_digilocker.TestDigiLockerVerification" name="test_aadhaar_verify_missing_field" time="0.429" /><testcase classname="backend.tests.test_digilocker.TestDigiLockerVerification" name="test_pan_verify_valid_format" time="0.478" /><testcase classname="backend.tests.test_digilocker.TestDigiLockerVerification" name="test_pan_verify_lowercase_auto_uppercase" time="0.434" /><testcase classname="backend.tests.test_digilocker.TestDigiLockerVerification" name="test_pan_verify_invalid_short" time="0.436" /><testcase classname="backend.tests.test_digilocker.TestDigiLockerVerification" name="test_pan_verify_invalid_long" time="0.444" /><testcase classname="backend.tests.test_digilocker.TestDigiLockerVerification" name="test_pan_verify_empty" time="0.450" /><testcase classname="backend.tests.test_digilocker.TestDigiLockerVerification" name="test_get_verifications_returns_all_statuses" time="0.459" /><testcase classname="backend.tests.test_digilocker.TestDigiLockerVerification" name="test_get_verifications_invalid_customer" time="0.510" /><testcase classname="backend.tests.test_digilocker.TestDigiLockerVerification" name="test_overall_kyc_verified_when_both_verified" time="0.701" /><testcase classname="backend.tests.test_digilocker.TestDigiLockerVerification" name="test_timeline_event_created_on_verification" time="0.484" /><testcase classname="backend.tests.test_digilocker.TestDigiLockerEdgeCases" name="test_aadhaar_verify_nonexistent_customer" time="0.458" /><testcase classname="backend.tests.test_digilocker.TestDigiLockerEdgeCases" name="test_pan_verify_nonexistent_customer" time="0.439" /><testcase classname="backend.tests.test_digilocker.TestDigiLockerEdgeCases" name="test_pan_type_company" time="0.436" /><testcase classname="backend.tests.test_digilocker.TestDashboardAndScreeningRegression" name="test_dashboard_loads" time="0.389" /><testcase classname="backend.tests.test_digilocker.TestDashboardAndScreeningRegression" name="test_screening_status_endpoint" time="0.432" /><testcase classname="backend.tests.test_digilocker.TestDashboardAndScreeningRegression" name="test_customers_list" time="0.389" /></testsuite></testsuites>