<?xml version="1.0" encoding="utf-8"?><testsuites name="pytest tests"><testsuite name="pytest" errors="0" failures="0" skipped="0" tests="19" time="2.262" timestamp="2026-04-14T18:24:04.194493+00:00" hostname="agent-env-32ed95c8-3c76-44d9-b974-e43f7c72fbb6"><testcase classname="backend.tests.test_fatf.TestFATFEndpoints" name="test_get_fatf_lists_returns_black_and_grey_lists" time="0.459" /><testcase classname="backend.tests.test_fatf.TestFATFEndpoints" name="test_fatf_lists_black_list_has_country_names" time="0.048" /><testcase classname="backend.tests.test_fatf.TestFATFEndpoints" name="test_check_black_list_country_kp" time="0.048" /><testcase classname="backend.tests.test_fatf.TestFATFEndpoints" name="test_check_black_list_country_ir" time="0.048" /><testcase classname="backend.tests.test_fatf.TestFATFEndpoints" name="test_check_black_list_country_mm" time="0.059" /><testcase classname="backend.tests.test_fatf.TestFATFEndpoints" name="test_check_grey_list_country_pk" time="0.054" /><testcase classname="backend.tests.test_fatf.TestFATFEndpoints" name="test_check_grey_list_country_ng" time="0.433" /><testcase classname="backend.tests.test_fatf.TestFATFEndpoints" name="test_check_grey_list_country_tr" time="0.050" /><testcase classname="backend.tests.test_fatf.TestFATFEndpoints" name="test_check_standard_country_in" time="0.047" /><testcase classname="backend.tests.test_fatf.TestFATFEndpoints" name="test_check_standard_country_us" time="0.048" /><testcase classname="backend.tests.test_fatf.TestFATFEndpoints" name="test_check_country_case_insensitive" time="0.093" /><testcase classname="backend.tests.test_fatf.TestFATFEndpoints" name="test_check_unknown_country_returns_standard" time="0.052" /><testcase classname="backend.tests.test_fatf.TestCustomerFATFIntegration" name="test_create_customer_with_grey_list_nationality_auto_flags" time="0.099" /><testcase classname="backend.tests.test_fatf.TestCustomerFATFIntegration" name="test_create_customer_with_black_list_nationality_auto_flags" time="0.100" /><testcase classname="backend.tests.test_fatf.TestCustomerFATFIntegration" name="test_create_customer_with_standard_nationality_no_flag" time="0.104" /><testcase classname="backend.tests.test_fatf.TestCustomerFATFIntegration" name="test_refresh_customer_country_risk" time="0.150" /><testcase classname="backend.tests.test_fatf.TestCustomerFATFIntegration" name="test_refresh_country_risk_invalid_customer" time="0.055" /><testcase classname="backend.tests.test_fatf.TestCustomerFATFIntegration" name="test_get_customer_enriches_country_risk" time="0.160" /><testcase classname="backend.tests.test_fatf.TestExistingCustomerFATF" name="test_find_amit_bhatia_customer" time="0.096" /></testsuite></testsuites>