<?xml version="1.0" encoding="utf-8"?><testsuites name="pytest tests"><testsuite name="pytest" errors="0" failures="0" skipped="0" tests="110" time="31.918" timestamp="2026-04-14T19:18:37.061787+00:00" hostname="agent-env-32ed95c8-3c76-44d9-b974-e43f7c72fbb6"><testcase classname="test_sla.TestSLAMetricsEndpoint" name="test_sla_metrics_returns_200" time="0.464" /><testcase classname="test_sla.TestSLAMetricsEndpoint" name="test_sla_metrics_has_screening_turnaround" time="0.063" /><testcase classname="test_sla.TestSLAMetricsEndpoint" name="test_sla_metrics_has_case_resolution" time="0.063" /><testcase classname="test_sla.TestSLAMetricsEndpoint" name="test_sla_metrics_has_escalation" time="0.064" /><testcase classname="test_sla.TestSLAMetricsEndpoint" name="test_sla_metrics_has_weekly_trend" time="0.062" /><testcase classname="test_sla.TestSLAMetricsEndpoint" name="test_sla_metrics_has_donut_data" time="0.061" /><testcase classname="test_sla.TestSLAMetricsEndpoint" name="test_sla_metrics_requires_auth" time="0.209" /><testcase classname="test_sla.TestSLABreachesEndpoint" name="test_sla_breaches_returns_200" time="0.063" /><testcase classname="test_sla.TestSLABreachesEndpoint" name="test_sla_breaches_has_breaches_list" time="0.056" /><testcase classname="test_sla.TestSLABreachesEndpoint" name="test_sla_breaches_has_unacknowledged_count" time="0.058" /><testcase classname="test_sla.TestSLABreachesEndpoint" name="test_sla_breach_item_structure" time="0.072" /><testcase classname="test_sla.TestSLABreachesEndpoint" name="test_sla_breaches_requires_auth" time="0.146" /><testcase classname="test_sla.TestSLABreachAcknowledge" name="test_acknowledge_breach_returns_200" time="0.061" /><testcase classname="test_sla.TestSLABreachAcknowledge" name="test_acknowledge_breach_returns_message" time="0.058" /><testcase classname="test_sla.TestSLABreachAcknowledge" name="test_acknowledge_requires_auth" time="0.125" /><testcase classname="test_sla.TestSLAConfigEndpoint" name="test_update_sla_config_returns_200" time="0.061" /><testcase classname="test_sla.TestSLAConfigEndpoint" name="test_update_sla_config_returns_message" time="0.058" /><testcase classname="test_sla.TestSLAConfigEndpoint" name="test_update_sla_config_custom_values" time="0.119" /><testcase classname="test_sla.TestSLAConfigEndpoint" name="test_update_sla_config_requires_auth" time="0.155" /><testcase classname="test_sla.TestSettingsIncludesSLAConfig" name="test_settings_returns_200" time="0.062" /><testcase classname="test_sla.TestSettingsIncludesSLAConfig" name="test_settings_includes_sla_config" time="0.064" /><testcase classname="test_sla.TestSettingsIncludesSLAConfig" name="test_sla_config_has_rbi_defaults" time="0.062" /><testcase classname="test_sla.TestScreeningsSLAStatus" name="test_screenings_returns_200" time="0.077" /><testcase classname="test_sla.TestScreeningsSLAStatus" name="test_screenings_have_sla_status" time="0.063" /><testcase classname="test_sla.TestScreeningsSLAStatus" name="test_screenings_have_sla_elapsed_hrs" time="0.061" /><testcase classname="test_sla.TestScreeningsSLAStatus" name="test_screenings_sla_status_distribution" time="0.070" /><testcase classname="test_sla.TestSLAMetricsReflectsConfig" name="test_metrics_use_configured_screening_target" time="0.125" /><testcase classname="test_sla.TestSLAMetricsReflectsConfig" name="test_metrics_use_configured_case_target" time="0.122" /><testcase classname="test_sla.TestSLAMetricsReflectsConfig" name="test_metrics_use_configured_sar_target" time="0.121" /><testcase classname="test_bulk_screening.TestBulkScreeningAuth" name="test_csv_template_requires_auth" time="0.117" /><testcase classname="test_bulk_screening.TestBulkScreeningAuth" name="test_upload_requires_auth" time="0.164" /><testcase classname="test_bulk_screening.TestBulkScreeningAuth" name="test_history_requires_auth" time="0.174" /><testcase classname="test_bulk_screening.TestCSVTemplate" name="test_csv_template_returns_200" time="0.649" /><testcase classname="test_bulk_screening.TestCSVTemplate" name="test_csv_template_content_type" time="0.466" /><testcase classname="test_bulk_screening.TestCSVTemplate" name="test_csv_template_has_correct_headers" time="0.450" /><testcase classname="test_bulk_screening.TestCSVTemplate" name="test_csv_template_has_3_example_rows" time="0.418" /><testcase classname="test_bulk_screening.TestCSVUpload" name="test_upload_valid_csv_returns_batch_id" time="0.453" /><testcase classname="test_bulk_screening.TestCSVUpload" name="test_upload_empty_csv_returns_400" time="0.416" /><testcase classname="test_bulk_screening.TestCSVUpload" name="test_upload_invalid_csv_no_name_column_returns_400" time="0.423" /><testcase classname="test_bulk_screening.TestCSVUpload" name="test_upload_preview_contains_entity_data" time="0.412" /><testcase classname="test_bulk_screening.TestBulkScreeningRun" name="test_run_screening_returns_results" time="0.571" /><testcase classname="test_bulk_screening.TestBulkScreeningRun" name="test_run_screening_results_have_required_fields" time="0.484" /><testcase classname="test_bulk_screening.TestBulkScreeningRun" name="test_run_screening_invalid_batch_returns_404" time="0.484" /><testcase classname="test_bulk_screening.TestBulkScreeningRun" name="test_run_screening_already_completed_returns_400" time="0.650" /><testcase classname="test_bulk_screening.TestBulkScreeningProgress" name="test_progress_returns_screened_count_and_total" time="0.551" /><testcase classname="test_bulk_screening.TestBulkScreeningProgress" name="test_progress_invalid_batch_returns_404" time="0.769" /><testcase classname="test_bulk_screening.TestBulkScreeningDownload" name="test_download_returns_xlsx_file" time="0.584" /><testcase classname="test_bulk_screening.TestBulkScreeningDownload" name="test_download_invalid_batch_returns_404" time="0.538" /><testcase classname="test_bulk_screening.TestBulkScreeningDownload" name="test_download_incomplete_batch_returns_400" time="1.039" /><testcase classname="test_bulk_screening.TestBulkScreeningHistory" name="test_history_returns_batches_list" time="1.086" /><testcase classname="test_bulk_screening.TestBulkScreeningHistory" name="test_history_batch_has_required_fields" time="0.592" /><testcase classname="test_bulk_screening.TestBulkScreeningHistory" name="test_history_shows_completed_batches_with_match_count" time="0.419" /><testcase classname="test_sanctions_io.TestScreeningStatus" name="test_get_screening_status_returns_demo_mode" time="0.538" /><testcase classname="test_sanctions_io.TestScreeningStatus" name="test_get_screening_status_requires_auth" time="0.123" /><testcase classname="test_sanctions_io.TestSanctionsApiKey" name="test_save_invalid_api_key_returns_400" time="0.679" /><testcase classname="test_sanctions_io.TestSanctionsApiKey" name="test_save_empty_api_key_removes_key" time="0.136" /><testcase classname="test_sanctions_io.TestSanctionsApiKey" name="test_delete_api_key_switches_to_demo" time="0.124" /><testcase classname="test_sanctions_io.TestSanctionsApiKey" name="test_save_api_key_requires_auth" time="0.159" /><testcase classname="test_sanctions_io.TestSanctionsApiKey" name="test_delete_api_key_requires_auth" time="0.156" /><testcase classname="test_sanctions_io.TestScreeningRun" name="test_run_screening_demo_mode_sanctions_only" time="0.134" /><testcase classname="test_sanctions_io.TestScreeningRun" name="test_run_screening_demo_mode_all_checks" time="0.142" /><testcase classname="test_sanctions_io.TestScreeningRun" name="test_run_screening_returns_risk_score" time="0.177" /><testcase classname="test_sanctions_io.TestScreeningRun" name="test_run_screening_with_high_risk_country" time="0.148" /><testcase classname="test_sanctions_io.TestScreeningRun" name="test_run_screening_requires_fullname" time="0.179" /><testcase classname="test_sanctions_io.TestScreeningRun" name="test_run_screening_requires_auth" time="0.139" /><testcase classname="test_sanctions_io.TestScreeningRun" name="test_run_screening_returns_matched_entities" time="0.130" /><testcase classname="test_sanctions_io.TestScreeningHistory" name="test_get_screenings_list" time="0.142" /><testcase classname="test_sanctions_io.TestScreeningHistory" name="test_get_screenings_with_risk_filter" time="0.153" /><testcase classname="test_sanctions_io.TestScreeningWithApiKeyInBody" name="test_run_screening_without_api_key_returns_demo_mode" time="0.124" /><testcase classname="test_sanctions_io.TestScreeningWithApiKeyInBody" name="test_run_screening_with_fake_api_key_falls_back_to_demo" time="0.600" /><testcase classname="test_sanctions_io.TestScreeningWithApiKeyInBody" name="test_run_screening_with_api_key_returns_proper_structure" time="0.619" /><testcase classname="test_fatf.TestFATFEndpoints" name="test_get_fatf_lists_returns_black_and_grey_lists" time="0.415" /><testcase classname="test_fatf.TestFATFEndpoints" name="test_fatf_lists_black_list_has_country_names" time="0.058" /><testcase classname="test_fatf.TestFATFEndpoints" name="test_check_black_list_country_kp" time="0.064" /><testcase classname="test_fatf.TestFATFEndpoints" name="test_check_black_list_country_ir" time="0.062" /><testcase classname="test_fatf.TestFATFEndpoints" name="test_check_black_list_country_mm" time="0.057" /><testcase classname="test_fatf.TestFATFEndpoints" name="test_check_grey_list_country_pk" time="0.060" /><testcase classname="test_fatf.TestFATFEndpoints" name="test_check_grey_list_country_ng" time="0.055" /><testcase classname="test_fatf.TestFATFEndpoints" name="test_check_grey_list_country_tr" time="0.085" /><testcase classname="test_fatf.TestFATFEndpoints" name="test_check_standard_country_in" time="0.065" /><testcase classname="test_fatf.TestFATFEndpoints" name="test_check_standard_country_us" time="0.062" /><testcase classname="test_fatf.TestFATFEndpoints" name="test_check_country_case_insensitive" time="0.126" /><testcase classname="test_fatf.TestFATFEndpoints" name="test_check_unknown_country_returns_standard" time="0.056" /><testcase classname="test_fatf.TestCustomerFATFIntegration" name="test_create_customer_with_grey_list_nationality_auto_flags" time="0.119" /><testcase classname="test_fatf.TestCustomerFATFIntegration" name="test_create_customer_with_black_list_nationality_auto_flags" time="0.112" /><testcase classname="test_fatf.TestCustomerFATFIntegration" name="test_create_customer_with_standard_nationality_no_flag" time="0.121" /><testcase classname="test_fatf.TestCustomerFATFIntegration" name="test_refresh_customer_country_risk" time="0.190" /><testcase classname="test_fatf.TestCustomerFATFIntegration" name="test_refresh_country_risk_invalid_customer" time="0.058" /><testcase classname="test_fatf.TestCustomerFATFIntegration" name="test_get_customer_enriches_country_risk" time="0.177" /><testcase classname="test_fatf.TestExistingCustomerFATF" name="test_find_amit_bhatia_customer" time="0.060" /><testcase classname="test_digilocker.TestDigiLockerVerification" name="test_aadhaar_verify_valid_12_digit" time="0.602" /><testcase classname="test_digilocker.TestDigiLockerVerification" name="test_aadhaar_verify_invalid_short_number" time="0.516" /><testcase classname="test_digilocker.TestDigiLockerVerification" name="test_aadhaar_verify_invalid_non_digit" time="0.470" /><testcase classname="test_digilocker.TestDigiLockerVerification" name="test_aadhaar_verify_empty_number" time="0.479" /><testcase classname="test_digilocker.TestDigiLockerVerification" name="test_aadhaar_verify_missing_field" time="0.488" /><testcase classname="test_digilocker.TestDigiLockerVerification" name="test_pan_verify_valid_format" time="0.527" /><testcase classname="test_digilocker.TestDigiLockerVerification" name="test_pan_verify_lowercase_auto_uppercase" time="0.615" /><testcase classname="test_digilocker.TestDigiLockerVerification" name="test_pan_verify_invalid_short" time="0.494" /><testcase classname="test_digilocker.TestDigiLockerVerification" name="test_pan_verify_invalid_long" time="0.496" /><testcase classname="test_digilocker.TestDigiLockerVerification" name="test_pan_verify_empty" time="0.557" /><testcase classname="test_digilocker.TestDigiLockerVerification" name="test_get_verifications_returns_all_statuses" time="0.570" /><testcase classname="test_digilocker.TestDigiLockerVerification" name="test_get_verifications_invalid_customer" time="0.497" /><testcase classname="test_digilocker.TestDigiLockerVerification" name="test_overall_kyc_verified_when_both_verified" time="0.653" /><testcase classname="test_digilocker.TestDigiLockerVerification" name="test_timeline_event_created_on_verification" time="0.549" /><testcase classname="test_digilocker.TestDigiLockerEdgeCases" name="test_aadhaar_verify_nonexistent_customer" time="0.532" /><testcase classname="test_digilocker.TestDigiLockerEdgeCases" name="test_pan_verify_nonexistent_customer" time="0.484" /><testcase classname="test_digilocker.TestDigiLockerEdgeCases" name="test_pan_type_company" time="0.467" /><testcase classname="test_digilocker.TestDashboardAndScreeningRegression" name="test_dashboard_loads" time="0.477" /><testcase classname="test_digilocker.TestDashboardAndScreeningRegression" name="test_screening_status_endpoint" time="0.459" /><testcase classname="test_digilocker.TestDashboardAndScreeningRegression" name="test_customers_list" time="0.426" /></testsuite></testsuites>