<?xml version="1.0" encoding="utf-8"?><testsuites name="pytest tests"><testsuite name="pytest" errors="0" failures="0" skipped="0" tests="18" time="13.271" timestamp="2026-04-02T13:34:54.173781+00:00" hostname="agent-env-32ed95c8-3c76-44d9-b974-e43f7c72fbb6"><testcase classname="tests.test_case_management.TestAuthentication" name="test_login_success" time="0.383" /><testcase classname="tests.test_case_management.TestCasesListEndpoint" name="test_list_cases_success" time="0.673" /><testcase classname="tests.test_case_management.TestCasesListEndpoint" name="test_list_cases_filter_by_status" time="0.663" /><testcase classname="tests.test_case_management.TestCasesListEndpoint" name="test_list_cases_filter_by_priority" time="0.641" /><testcase classname="tests.test_case_management.TestCaseDetailEndpoint" name="test_get_case_detail" time="0.693" /><testcase classname="tests.test_case_management.TestCaseDetailEndpoint" name="test_get_case_not_found" time="0.675" /><testcase classname="tests.test_case_management.TestCaseNotesEndpoint" name="test_add_note_to_case" time="0.722" /><testcase classname="tests.test_case_management.TestCaseNotesEndpoint" name="test_get_case_notes" time="0.773" /><testcase classname="tests.test_case_management.TestCaseEscalation" name="test_escalate_case" time="0.788" /><testcase classname="tests.test_case_management.TestSARFiling" name="test_file_sar" time="0.762" /><testcase classname="tests.test_case_management.TestCaseClosure" name="test_close_case_missing_fields" time="0.733" /><testcase classname="tests.test_case_management.TestCaseClosure" name="test_close_case_invalid_disposition" time="0.738" /><testcase classname="tests.test_case_management.TestCaseStatusUpdate" name="test_update_case_priority" time="0.802" /><testcase classname="tests.test_case_management.TestCaseStatusUpdate" name="test_update_case_status" time="0.744" /><testcase classname="tests.test_case_management.TestPEPScreeningAutoCaseCreation" name="test_pep_screening_creates_case_on_match" time="1.405" /><testcase classname="tests.test_case_management.TestAdverseMediaScreening" name="test_adverse_media_screening_success" time="0.667" /><testcase classname="tests.test_case_management.TestBulkScreeningAutoCaseCreation" name="test_bulk_screening_endpoint" time="0.663" /><testcase classname="tests.test_case_management.TestCustomerRelatedCases" name="test_customer_detail_includes_cases" time="0.650" /></testsuite></testsuites>