<?xml version="1.0" encoding="utf-8"?><testsuites name="pytest tests"><testsuite name="pytest" errors="0" failures="0" skipped="1" tests="9" time="3.515" timestamp="2026-04-03T18:06:27.571879+00:00" hostname="agent-env-32ed95c8-3c76-44d9-b974-e43f7c72fbb6"><testcase classname="tests.test_rebrand.TestRebrandVerification" name="test_api_title_is_rudrik" time="0.141"><skipped type="pytest.skip" message="OpenAPI endpoint not returning valid JSON">/app/backend/tests/test_rebrand.py:30: OpenAPI endpoint not returning valid JSON</skipped></testcase><testcase classname="tests.test_rebrand.TestRebrandVerification" name="test_login_endpoint_works" time="0.350" /><testcase classname="tests.test_rebrand.TestRebrandVerification" name="test_settings_company_name_is_rudrik" time="0.450" /><testcase classname="tests.test_rebrand.TestRebrandVerification" name="test_team_members_have_rudrik_emails" time="0.390" /><testcase classname="tests.test_rebrand.TestRebrandVerification" name="test_dashboard_loads" time="0.465" /><testcase classname="tests.test_rebrand.TestRebrandVerification" name="test_customers_endpoint" time="0.433" /><testcase classname="tests.test_rebrand.TestRebrandVerification" name="test_cases_endpoint" time="0.383" /><testcase classname="tests.test_rebrand.TestRebrandVerification" name="test_screening_endpoint" time="0.415" /><testcase classname="tests.test_rebrand.TestRebrandVerification" name="test_audit_logs_endpoint" time="0.407" /></testsuite></testsuites>