<?xml version="1.0" encoding="utf-8"?><testsuites name="pytest tests"><testsuite name="pytest" errors="0" failures="0" skipped="0" tests="33" time="19.319" timestamp="2026-04-02T15:53:14.630543+00:00" hostname="agent-env-32ed95c8-3c76-44d9-b974-e43f7c72fbb6"><testcase classname="backend.tests.test_audit_logs.TestAuditLogAuthentication" name="test_login_and_get_token" time="0.354" /><testcase classname="backend.tests.test_audit_logs.TestAuditLogEndpoints" name="test_get_audit_logs_returns_list" time="0.393" /><testcase classname="backend.tests.test_audit_logs.TestAuditLogEndpoints" name="test_get_audit_logs_with_pagination" time="0.433" /><testcase classname="backend.tests.test_audit_logs.TestAuditLogEndpoints" name="test_filter_by_action_type" time="0.429" /><testcase classname="backend.tests.test_audit_logs.TestAuditLogEndpoints" name="test_filter_by_module" time="0.432" /><testcase classname="backend.tests.test_audit_logs.TestAuditLogEndpoints" name="test_filter_by_user_name" time="0.439" /><testcase classname="backend.tests.test_audit_logs.TestAuditLogEndpoints" name="test_filter_by_date_range" time="0.409" /><testcase classname="backend.tests.test_audit_logs.TestAuditLogEndpoints" name="test_get_audit_log_filters" time="0.390" /><testcase classname="backend.tests.test_audit_logs.TestAuditLogExport" name="test_export_csv" time="0.385" /><testcase classname="backend.tests.test_audit_logs.TestAuditLogExport" name="test_export_pdf" time="0.436" /><testcase classname="backend.tests.test_audit_logs.TestAuditLogExport" name="test_export_csv_with_filters" time="0.442" /><testcase classname="backend.tests.test_audit_logs.TestAuditLogImmutability" name="test_no_put_endpoint_for_audit_logs" time="0.490" /><testcase classname="backend.tests.test_audit_logs.TestAuditLogImmutability" name="test_no_delete_endpoint_for_audit_logs" time="0.460" /><testcase classname="backend.tests.test_audit_logs.TestAuditLogImmutability" name="test_no_post_endpoint_for_manual_audit_creation" time="0.389" /><testcase classname="backend.tests.test_audit_logs.TestAuditLogAccessControl" name="test_unauthenticated_access_denied" time="0.115" /><testcase classname="backend.tests.test_case_management.TestAuthentication" name="test_login_success" time="0.335" /><testcase classname="backend.tests.test_case_management.TestCasesListEndpoint" name="test_list_cases_success" time="0.643" /><testcase classname="backend.tests.test_case_management.TestCasesListEndpoint" name="test_list_cases_filter_by_status" time="0.654" /><testcase classname="backend.tests.test_case_management.TestCasesListEndpoint" name="test_list_cases_filter_by_priority" time="0.645" /><testcase classname="backend.tests.test_case_management.TestCaseDetailEndpoint" name="test_get_case_detail" time="0.711" /><testcase classname="backend.tests.test_case_management.TestCaseDetailEndpoint" name="test_get_case_not_found" time="0.650" /><testcase classname="backend.tests.test_case_management.TestCaseNotesEndpoint" name="test_add_note_to_case" time="0.889" /><testcase classname="backend.tests.test_case_management.TestCaseNotesEndpoint" name="test_get_case_notes" time="0.760" /><testcase classname="backend.tests.test_case_management.TestCaseEscalation" name="test_escalate_case" time="0.747" /><testcase classname="backend.tests.test_case_management.TestSARFiling" name="test_file_sar" time="0.793" /><testcase classname="backend.tests.test_case_management.TestCaseClosure" name="test_close_case_missing_fields" time="0.766" /><testcase classname="backend.tests.test_case_management.TestCaseClosure" name="test_close_case_invalid_disposition" time="0.718" /><testcase classname="backend.tests.test_case_management.TestCaseStatusUpdate" name="test_update_case_priority" time="0.744" /><testcase classname="backend.tests.test_case_management.TestCaseStatusUpdate" name="test_update_case_status" time="0.919" /><testcase classname="backend.tests.test_case_management.TestPEPScreeningAutoCaseCreation" name="test_pep_screening_creates_case_on_match" time="1.279" /><testcase classname="backend.tests.test_case_management.TestAdverseMediaScreening" name="test_adverse_media_screening_success" time="0.671" /><testcase classname="backend.tests.test_case_management.TestBulkScreeningAutoCaseCreation" name="test_bulk_screening_endpoint" time="0.659" /><testcase classname="backend.tests.test_case_management.TestCustomerRelatedCases" name="test_customer_detail_includes_cases" time="0.655" /></testsuite></testsuites>