<?xml version="1.0" encoding="utf-8"?><testsuites name="pytest tests"><testsuite name="pytest" errors="0" failures="0" skipped="0" tests="28" time="6.652" timestamp="2026-04-02T19:16:55.647067+00:00" hostname="agent-env-32ed95c8-3c76-44d9-b974-e43f7c72fbb6"><testcase classname="tests.test_new_features.TestAuth" name="test_login_success" time="0.362" /><testcase classname="tests.test_new_features.TestDashboard" name="test_dashboard_stats" time="0.521" /><testcase classname="tests.test_new_features.TestKYCVerification" name="test_verify_pan_valid_format" time="0.482" /><testcase classname="tests.test_new_features.TestKYCVerification" name="test_verify_pan_invalid_format" time="0.121" /><testcase classname="tests.test_new_features.TestKYCVerification" name="test_verify_aadhaar_valid_format" time="0.118" /><testcase classname="tests.test_new_features.TestKYCVerification" name="test_verify_aadhaar_invalid_format" time="0.110" /><testcase classname="tests.test_new_features.TestKYCVerification" name="test_verify_passport_valid_format" time="0.123" /><testcase classname="tests.test_new_features.TestKYCVerification" name="test_verify_voter_id_valid_format" time="0.127" /><testcase classname="tests.test_new_features.TestKYCVerification" name="test_verify_driving_license_valid_format" time="0.106" /><testcase classname="tests.test_new_features.TestKYCVerification" name="test_get_kyc_verifications" time="0.112" /><testcase classname="tests.test_new_features.TestKYCVerification" name="test_kyc_status" time="0.114" /><testcase classname="tests.test_new_features.TestAPIKeyManagement" name="test_create_api_key" time="0.455" /><testcase classname="tests.test_new_features.TestAPIKeyManagement" name="test_create_api_key_missing_name" time="0.106" /><testcase classname="tests.test_new_features.TestAPIKeyManagement" name="test_list_api_keys" time="0.229" /><testcase classname="tests.test_new_features.TestAPIKeyManagement" name="test_get_api_usage" time="0.137" /><testcase classname="tests.test_new_features.TestAPIKeyManagement" name="test_get_integration_status" time="0.108" /><testcase classname="tests.test_new_features.TestAPIKeyManagement" name="test_revoke_api_key" time="0.112" /><testcase classname="tests.test_new_features.TestPublicAPIv1" name="test_v1_screen_missing_api_key" time="0.218" /><testcase classname="tests.test_new_features.TestPublicAPIv1" name="test_v1_screen_with_api_key" time="0.622" /><testcase classname="tests.test_new_features.TestPublicAPIv1" name="test_v1_screening_individual" time="0.105" /><testcase classname="tests.test_new_features.TestPublicAPIv1" name="test_v1_screening_batch" time="0.117" /><testcase classname="tests.test_new_features.TestPublicAPIv1" name="test_v1_screening_batch_empty" time="0.138" /><testcase classname="tests.test_new_features.TestPublicAPIv1" name="test_v1_risk_score" time="0.275" /><testcase classname="tests.test_new_features.TestPublicAPIv1" name="test_v1_risk_score_missing_customer_id" time="0.112" /><testcase classname="tests.test_new_features.TestQuickScreening" name="test_quick_screening_basic" time="0.480" /><testcase classname="tests.test_new_features.TestQuickScreening" name="test_quick_screening_with_kyc" time="0.125" /><testcase classname="tests.test_new_features.TestQuickScreening" name="test_quick_screening_missing_name" time="0.110" /><testcase classname="tests.test_new_features.TestCleanup" name="test_cleanup_test_api_keys" time="0.835" /></testsuite></testsuites>