<?xml version="1.0" encoding="utf-8"?><testsuites name="pytest tests"><testsuite name="pytest" errors="0" failures="8" skipped="1" tests="211" time="129.689" timestamp="2026-04-04T04:34:14.880786+00:00" hostname="agent-env-32ed95c8-3c76-44d9-b974-e43f7c72fbb6"><testcase classname="tests.test_audit_logs.TestAuditLogsAPI" name="test_audit_stats_returns_200" time="0.406" /><testcase classname="tests.test_audit_logs.TestAuditLogsAPI" name="test_audit_stats_has_required_fields" time="0.417" /><testcase classname="tests.test_audit_logs.TestAuditLogsAPI" name="test_audit_stats_values_are_integers" time="0.368" /><testcase classname="tests.test_audit_logs.TestAuditLogsAPI" name="test_audit_logs_returns_200" time="0.378" /><testcase classname="tests.test_audit_logs.TestAuditLogsAPI" name="test_audit_logs_has_logs_and_total" time="0.383" /><testcase classname="tests.test_audit_logs.TestAuditLogsAPI" name="test_audit_logs_have_required_fields" time="0.373" /><testcase classname="tests.test_audit_logs.TestAuditLogsAPI" name="test_audit_logs_seeded_100_demo_entries" time="0.373" /><testcase classname="tests.test_audit_logs.TestAuditLogsAPI" name="test_audit_logs_pagination_works" time="0.429" /><testcase classname="tests.test_audit_logs.TestAuditLogsAPI" name="test_audit_logs_filter_by_action_type" time="0.400" /><testcase classname="tests.test_audit_logs.TestAuditLogsAPI" name="test_audit_logs_filter_by_user_name" time="0.400" /><testcase classname="tests.test_audit_logs.TestAuditLogsAPI" name="test_audit_logs_filter_by_module" time="0.379" /><testcase classname="tests.test_audit_logs.TestAuditLogsAPI" name="test_audit_logs_filter_by_date_range" time="0.375" /><testcase classname="tests.test_audit_logs.TestAuditLogsAPI" name="test_audit_filters_returns_200" time="0.378" /><testcase classname="tests.test_audit_logs.TestAuditLogsAPI" name="test_audit_filters_has_required_fields" time="0.422" /><testcase classname="tests.test_audit_logs.TestAuditLogsAPI" name="test_audit_filters_action_types_not_empty" time="0.392" /><testcase classname="tests.test_audit_logs.TestAuditLogsAPI" name="test_audit_filters_contains_expected_action_types" time="0.372" /><testcase classname="tests.test_audit_logs.TestAuditLogsAPI" name="test_audit_filters_modules_not_empty" time="0.442" /><testcase classname="tests.test_audit_logs.TestAuditLogsAPI" name="test_audit_filters_users_not_empty" time="0.372" /><testcase classname="tests.test_audit_logs.TestAuditLogsAPI" name="test_audit_export_csv_returns_200" time="0.402" /><testcase classname="tests.test_audit_logs.TestAuditLogsAPI" name="test_audit_export_csv_content_type" time="0.401" /><testcase classname="tests.test_audit_logs.TestAuditLogsAPI" name="test_audit_export_csv_has_content_disposition" time="0.406" /><testcase classname="tests.test_audit_logs.TestAuditLogsAPI" name="test_audit_export_csv_has_headers" time="0.408" /><testcase classname="tests.test_audit_logs.TestAuditLogsAPI" name="test_audit_export_csv_has_data_rows" time="0.415" /><testcase classname="tests.test_audit_logs.TestAuditLogsAPI" name="test_audit_export_csv_with_filters" time="0.384" /><testcase classname="tests.test_audit_logs.TestAuditLogsAPI" name="test_audit_logs_have_various_action_types" time="0.383" /><testcase classname="tests.test_audit_logs.TestAuditLogsAPI" name="test_audit_logs_have_details_field" time="0.375" /><testcase classname="tests.test_audit_logs.TestAuditLogsAPI" name="test_audit_logs_details_is_dict" time="0.407" /><testcase classname="tests.test_audit_logs.TestAuditLogsAccessControl" name="test_audit_logs_requires_auth" time="0.109" /><testcase classname="tests.test_audit_logs.TestAuditLogsAccessControl" name="test_audit_stats_requires_auth" time="0.098" /><testcase classname="tests.test_audit_logs.TestAuditLogsAccessControl" name="test_audit_filters_requires_auth" time="0.097" /><testcase classname="tests.test_audit_logs.TestAuditLogsAccessControl" name="test_audit_export_requires_auth" time="0.098" /><testcase classname="tests.test_case_management.TestAuthentication" name="test_login_success" time="0.318" /><testcase classname="tests.test_case_management.TestCasesListEndpoint" name="test_list_cases_success" time="0.669" /><testcase classname="tests.test_case_management.TestCasesListEndpoint" name="test_list_cases_filter_by_status" time="0.674" /><testcase classname="tests.test_case_management.TestCasesListEndpoint" name="test_list_cases_filter_by_priority" time="0.647" /><testcase classname="tests.test_case_management.TestCaseDetailEndpoint" name="test_get_case_detail" time="0.706" /><testcase classname="tests.test_case_management.TestCaseDetailEndpoint" name="test_get_case_not_found" time="0.647" /><testcase classname="tests.test_case_management.TestCaseNotesEndpoint" name="test_add_note_to_case" time="0.683" /><testcase classname="tests.test_case_management.TestCaseNotesEndpoint" name="test_get_case_notes" time="0.720" /><testcase classname="tests.test_case_management.TestCaseEscalation" name="test_escalate_case" time="0.736" /><testcase classname="tests.test_case_management.TestSARFiling" name="test_file_sar" time="0.737" /><testcase classname="tests.test_case_management.TestCaseClosure" name="test_close_case_missing_fields" time="0.716" /><testcase classname="tests.test_case_management.TestCaseClosure" name="test_close_case_invalid_disposition" time="0.730" /><testcase classname="tests.test_case_management.TestCaseStatusUpdate" name="test_update_case_priority" time="0.728" /><testcase classname="tests.test_case_management.TestCaseStatusUpdate" name="test_update_case_status" time="0.731" /><testcase classname="tests.test_case_management.TestPEPScreeningAutoCaseCreation" name="test_pep_screening_creates_case_on_match" time="0.717"><failure message="AssertionError: PEP screening failed: {&quot;detail&quot;:&quot;Not Found&quot;}&#10;assert 404 == 200&#10; +  where 404 = &lt;Response [404]&gt;.status_code">tests/test_case_management.py:257: in test_pep_screening_creates_case_on_match
    assert response.status_code == 200, f"PEP screening failed: {response.text}"
E   AssertionError: PEP screening failed: {"detail":"Not Found"}
E   assert 404 == 200
E    +  where 404 = &lt;Response [404]&gt;.status_code</failure></testcase><testcase classname="tests.test_case_management.TestAdverseMediaScreening" name="test_adverse_media_screening_success" time="0.643"><failure message="AssertionError: Adverse media screening failed with 404: {&quot;detail&quot;:&quot;Not Found&quot;}&#10;assert 404 == 200&#10; +  where 404 = &lt;Response [404]&gt;.status_code">tests/test_case_management.py:287: in test_adverse_media_screening_success
    assert response.status_code == 200, f"Adverse media screening failed with {response.status_code}: {response.text}"
E   AssertionError: Adverse media screening failed with 404: {"detail":"Not Found"}
E   assert 404 == 200
E    +  where 404 = &lt;Response [404]&gt;.status_code</failure></testcase><testcase classname="tests.test_case_management.TestBulkScreeningAutoCaseCreation" name="test_bulk_screening_endpoint" time="0.662"><failure message="AssertionError: Bulk screening failed: {&quot;detail&quot;:&quot;Not Found&quot;}&#10;assert 404 == 200&#10; +  where 404 = &lt;Response [404]&gt;.status_code">tests/test_case_management.py:305: in test_bulk_screening_endpoint
    assert response.status_code == 200, f"Bulk screening failed: {response.text}"
E   AssertionError: Bulk screening failed: {"detail":"Not Found"}
E   assert 404 == 200
E    +  where 404 = &lt;Response [404]&gt;.status_code</failure></testcase><testcase classname="tests.test_case_management.TestCustomerRelatedCases" name="test_customer_detail_includes_cases" time="0.803"><failure message="AssertionError: Customer detail should include 'cases' field&#10;assert 'cases' in {'customers': [{'cdd_status': 'not_started', 'cdd_tier': 'standard_cdd', 'created_at': '2026-04-04T04:29:43.073313+00:00', 'created_by': '25f0321c-8e5d-4b49-bd35-75ae6fbd6664', ...}, {'cdd_status': 'not_started', 'cdd_tier': 'standard_cdd', 'created_at': '2026-04-04T04:27:31.955737+00:00', 'created_by': '25f0321c-8e5d-4b49-bd35-75ae6fbd6664', ...}, {'cdd_status': 'not_started', 'cdd_tier': 'standard_cdd', 'created_at': '2026-04-02T19:17:00.491662+00:00', 'created_by': '25f0321c-8e5d-4b49-bd35-75ae6fbd6664', ...}, {'cdd_status': 'not_started', 'cdd_tier': 'standard_cdd', 'created_at': '2026-04-02T19:16:23.631500+00:00', 'created_by': '25f0321c-8e5d-4b49-bd35-75ae6fbd6664', ...}, {'cdd_status': 'not_started', 'cdd_tier': 'standard_cdd', 'created_at': '2026-04-02T18:57:40.678721+00:00', 'created_by': '25f0321c-8e5d-4b49-bd35-75ae6fbd6664', ...}, {'adverse_media_screening': {'has_hits': False, 'hit_count': 0, 'hits': [], 'screened_at': '2026-04-02T15:53:33.272124+00:00'}, 'adverse_media_status': 'no_hits', 'cdd_status': 'requires_edd', 'cdd_tier': 'standard_cdd', ...}, ...], 'limit': 50, 'skip': 0, 'total': 30}">tests/test_case_management.py:322: in test_customer_detail_includes_cases
    assert "cases" in data, "Customer detail should include 'cases' field"
E   AssertionError: Customer detail should include 'cases' field
E   assert 'cases' in {'customers': [{'cdd_status': 'not_started', 'cdd_tier': 'standard_cdd', 'created_at': '2026-04-04T04:29:43.073313+00:00', 'created_by': '25f0321c-8e5d-4b49-bd35-75ae6fbd6664', ...}, {'cdd_status': 'not_started', 'cdd_tier': 'standard_cdd', 'created_at': '2026-04-04T04:27:31.955737+00:00', 'created_by': '25f0321c-8e5d-4b49-bd35-75ae6fbd6664', ...}, {'cdd_status': 'not_started', 'cdd_tier': 'standard_cdd', 'created_at': '2026-04-02T19:17:00.491662+00:00', 'created_by': '25f0321c-8e5d-4b49-bd35-75ae6fbd6664', ...}, {'cdd_status': 'not_started', 'cdd_tier': 'standard_cdd', 'created_at': '2026-04-02T19:16:23.631500+00:00', 'created_by': '25f0321c-8e5d-4b49-bd35-75ae6fbd6664', ...}, {'cdd_status': 'not_started', 'cdd_tier': 'standard_cdd', 'created_at': '2026-04-02T18:57:40.678721+00:00', 'created_by': '25f0321c-8e5d-4b49-bd35-75ae6fbd6664', ...}, {'adverse_media_screening': {'has_hits': False, 'hit_count': 0, 'hits': [], 'screened_at': '2026-04-02T15:53:33.272124+00:00'}, 'adverse_media_status': 'no_hits', 'cdd_status': 'requires_edd', 'cdd_tier': 'standard_cdd', ...}, ...], 'limit': 50, 'skip': 0, 'total': 30}</failure></testcase><testcase classname="tests.test_cases.TestCasesBackend" name="test_get_cases_returns_list" time="0.378" /><testcase classname="tests.test_cases.TestCasesBackend" name="test_cases_have_required_fields" time="0.394" /><testcase classname="tests.test_cases.TestCasesBackend" name="test_cases_have_valid_statuses" time="0.374" /><testcase classname="tests.test_cases.TestCasesBackend" name="test_cases_have_valid_priorities" time="0.372" /><testcase classname="tests.test_cases.TestCasesBackend" name="test_cases_have_valid_case_types" time="0.385" /><testcase classname="tests.test_cases.TestCasesBackend" name="test_get_case_stats" time="0.396" /><testcase classname="tests.test_cases.TestCasesBackend" name="test_stats_total_matches_sum" time="0.404" /><testcase classname="tests.test_cases.TestCasesBackend" name="test_get_team_members" time="0.369" /><testcase classname="tests.test_cases.TestCasesBackend" name="test_team_members_have_required_fields" time="0.363" /><testcase classname="tests.test_cases.TestCasesBackend" name="test_update_case_status" time="0.469" /><testcase classname="tests.test_cases.TestCasesBackend" name="test_update_status_invalid_status" time="0.411" /><testcase classname="tests.test_cases.TestCasesBackend" name="test_update_status_nonexistent_case" time="0.373" /><testcase classname="tests.test_cases.TestCasesBackend" name="test_resolve_case_valid_types" time="0.475" /><testcase classname="tests.test_cases.TestCasesBackend" name="test_resolve_case_invalid_type" time="0.416" /><testcase classname="tests.test_cases.TestCasesBackend" name="test_assign_case_to_team_member" time="0.521" /><testcase classname="tests.test_cases.TestCasesBackend" name="test_unassign_case" time="0.465" /><testcase classname="tests.test_cases.TestCasesBackend" name="test_generate_sar_report" time="0.426" /><testcase classname="tests.test_cases.TestCasesBackend" name="test_generate_sar_nonexistent_case" time="0.372" /><testcase classname="tests.test_cases.TestCasesBackend" name="test_get_case_notes" time="0.443" /><testcase classname="tests.test_cases.TestCasesBackend" name="test_add_case_note" time="0.465" /><testcase classname="tests.test_cases.TestCasesBackend" name="test_case_notes_have_required_fields" time="0.482" /><testcase classname="tests.test_cases.TestCasesBackend" name="test_demo_cases_seeded" time="0.382" /><testcase classname="tests.test_cases.TestCasesBackend" name="test_demo_cases_have_urgency_data" time="0.371" /><testcase classname="tests.test_cases.TestCasesBackend" name="test_demo_cases_distribution" time="0.374" /><testcase classname="tests.test_customers.TestCustomersListEndpoint" name="test_get_customers_returns_list" time="0.405" /><testcase classname="tests.test_customers.TestCustomersListEndpoint" name="test_customers_have_required_fields" time="0.051"><failure message="AssertionError: Missing field: kyc_status&#10;assert 'kyc_status' in {'cdd_status': 'not_started', 'cdd_tier': 'standard_cdd', 'created_at': '2026-04-04T04:29:43.073313+00:00', 'created_by': '25f0321c-8e5d-4b49-bd35-75ae6fbd6664', ...}">tests/test_customers.py:69: in test_customers_have_required_fields
    assert field in customer, f"Missing field: {field}"
E   AssertionError: Missing field: kyc_status
E   assert 'kyc_status' in {'cdd_status': 'not_started', 'cdd_tier': 'standard_cdd', 'created_at': '2026-04-04T04:29:43.073313+00:00', 'created_by': '25f0321c-8e5d-4b49-bd35-75ae6fbd6664', ...}</failure></testcase><testcase classname="tests.test_customers.TestCustomersListEndpoint" name="test_filter_by_risk_level_high" time="0.072" /><testcase classname="tests.test_customers.TestCustomersListEndpoint" name="test_filter_by_risk_level_low" time="0.107" /><testcase classname="tests.test_customers.TestCustomersListEndpoint" name="test_filter_by_kyc_status_verified" time="0.066" /><testcase classname="tests.test_customers.TestCustomersListEndpoint" name="test_filter_by_nationality" time="0.056" /><testcase classname="tests.test_customers.TestCustomersListEndpoint" name="test_search_by_name" time="0.057" /><testcase classname="tests.test_customers.TestCustomersListEndpoint" name="test_pagination_works" time="0.146" /><testcase classname="tests.test_customers.TestPEPCustomers" name="test_pep_customers_exist" time="0.056" /><testcase classname="tests.test_customers.TestPEPCustomers" name="test_rajendra_prasad_yadav_pep" time="0.050" /><testcase classname="tests.test_customers.TestPEPCustomers" name="test_laxmi_devi_sharma_pep" time="0.053" /><testcase classname="tests.test_customers.TestPEPCustomers" name="test_balakrishnan_nair_pillai_pep" time="0.056" /><testcase classname="tests.test_customers.TestCustomerDetailEndpoint" name="test_get_customer_by_id" time="0.103" /><testcase classname="tests.test_customers.TestCustomerDetailEndpoint" name="test_get_customer_not_found" time="0.061" /><testcase classname="tests.test_customers.TestCustomerDetailEndpoint" name="test_customer_has_risk_breakdown" time="0.119"><failure message="AssertionError: assert 'risk_breakdown' in {'cases': [], 'cdd_status': 'not_started', 'cdd_tier': 'standard_cdd', 'created_at': '2026-04-04T04:29:43.073313+00:00', ...}">tests/test_customers.py:234: in test_customer_has_risk_breakdown
    assert "risk_breakdown" in customer
E   AssertionError: assert 'risk_breakdown' in {'cases': [], 'cdd_status': 'not_started', 'cdd_tier': 'standard_cdd', 'created_at': '2026-04-04T04:29:43.073313+00:00', ...}</failure></testcase><testcase classname="tests.test_customers.TestCustomerTimelineEndpoint" name="test_get_timeline" time="0.182" /><testcase classname="tests.test_customers.TestCustomerTimelineEndpoint" name="test_timeline_has_required_fields" time="0.120" /><testcase classname="tests.test_customers.TestCustomerTimelineEndpoint" name="test_pep_customer_has_pep_match_event" time="0.118" /><testcase classname="tests.test_customers.TestCustomerTimelineEndpoint" name="test_pep_customer_has_case_opened_event" time="0.125" /><testcase classname="tests.test_customers.TestCustomerNotesEndpoint" name="test_get_notes" time="0.117" /><testcase classname="tests.test_customers.TestCustomerNotesEndpoint" name="test_add_note" time="0.099" /><testcase classname="tests.test_customers.TestCustomerNotesEndpoint" name="test_add_note_persists" time="0.198" /><testcase classname="tests.test_customers.TestCustomerNotesEndpoint" name="test_add_note_empty_text_fails" time="0.098" /><testcase classname="tests.test_customers.TestCustomerScreeningsEndpoint" name="test_get_screenings" time="0.097" /><testcase classname="tests.test_customers.TestCustomerScreeningsEndpoint" name="test_screenings_not_found_for_invalid_customer" time="0.059" /><testcase classname="tests.test_customers.TestCustomerDocuments" name="test_customer_has_documents" time="0.053" /><testcase classname="tests.test_customers.TestCDDTiers" name="test_cdd_tiers_are_valid" time="0.065" /><testcase classname="tests.test_customers.TestCDDTiers" name="test_high_risk_customers_have_edd" time="0.051" /><testcase classname="tests.test_customers.TestCDDTiers" name="test_low_risk_customers_have_sdd" time="0.053"><failure message="AssertionError: Low risk customer should have SDD, got standard_cdd&#10;assert 'standard_cdd' == 'sdd'&#10;  &#10;  - sdd&#10;  + standard_cdd">tests/test_customers.py:431: in test_low_risk_customers_have_sdd
    assert customer["cdd_tier"] == "sdd", f"Low risk customer should have SDD, got {customer['cdd_tier']}"
E   AssertionError: Low risk customer should have SDD, got standard_cdd
E   assert 'standard_cdd' == 'sdd'
E     
E     - sdd
E     + standard_cdd</failure></testcase><testcase classname="tests.test_dashboard.TestDashboardStats" name="test_stats_endpoint_returns_200" time="0.415" /><testcase classname="tests.test_dashboard.TestDashboardStats" name="test_stats_has_total_customers" time="0.056" /><testcase classname="tests.test_dashboard.TestDashboardStats" name="test_stats_has_pending_reviews" time="0.059" /><testcase classname="tests.test_dashboard.TestDashboardStats" name="test_stats_has_high_risk_customers" time="0.056" /><testcase classname="tests.test_dashboard.TestDashboardStats" name="test_stats_has_open_cases" time="0.052" /><testcase classname="tests.test_dashboard.TestDashboardStats" name="test_stats_has_risk_distribution" time="0.063" /><testcase classname="tests.test_dashboard.TestDashboardStats" name="test_stats_has_screening_stats" time="0.060" /><testcase classname="tests.test_dashboard.TestDashboardStats" name="test_stats_has_kyc_stats" time="0.053" /><testcase classname="tests.test_dashboard.TestDashboardStats" name="test_stats_has_cdd_breakdown" time="0.058" /><testcase classname="tests.test_dashboard.TestDashboardStats" name="test_stats_has_api_usage" time="0.058" /><testcase classname="tests.test_dashboard.TestDashboardStats" name="test_stats_has_integrations" time="0.053" /><testcase classname="tests.test_dashboard.TestDashboardTrends" name="test_trends_endpoint_returns_200" time="0.062" /><testcase classname="tests.test_dashboard.TestDashboardTrends" name="test_trends_has_trends_array" time="0.060" /><testcase classname="tests.test_dashboard.TestDashboardTrends" name="test_trends_has_7_days" time="0.060" /><testcase classname="tests.test_dashboard.TestDashboardTrends" name="test_trends_has_required_fields" time="0.068" /><testcase classname="tests.test_dashboard.TestActivityFeed" name="test_activity_feed_returns_200" time="0.049" /><testcase classname="tests.test_dashboard.TestActivityFeed" name="test_activity_feed_has_feed_array" time="0.049" /><testcase classname="tests.test_dashboard.TestActivityFeed" name="test_activity_feed_entry_has_required_fields" time="0.047" /><testcase classname="tests.test_dashboard.TestActivityFeed" name="test_activity_feed_has_customer_name_when_applicable" time="0.049" /><testcase classname="tests.test_dashboard.TestDashboardAuth" name="test_stats_requires_auth" time="0.128" /><testcase classname="tests.test_dashboard.TestDashboardAuth" name="test_trends_requires_auth" time="0.100" /><testcase classname="tests.test_dashboard.TestDashboardAuth" name="test_activity_feed_requires_auth" time="0.111" /><testcase classname="tests.test_new_features.TestAuth" name="test_login_success" time="0.331" /><testcase classname="tests.test_new_features.TestDashboard" name="test_dashboard_stats" time="0.453" /><testcase classname="tests.test_new_features.TestKYCVerification" name="test_verify_pan_valid_format" time="0.427" /><testcase classname="tests.test_new_features.TestKYCVerification" name="test_verify_pan_invalid_format" time="0.098" /><testcase classname="tests.test_new_features.TestKYCVerification" name="test_verify_aadhaar_valid_format" time="0.120" /><testcase classname="tests.test_new_features.TestKYCVerification" name="test_verify_aadhaar_invalid_format" time="0.099" /><testcase classname="tests.test_new_features.TestKYCVerification" name="test_verify_passport_valid_format" time="0.098" /><testcase classname="tests.test_new_features.TestKYCVerification" name="test_verify_voter_id_valid_format" time="0.100" /><testcase classname="tests.test_new_features.TestKYCVerification" name="test_verify_driving_license_valid_format" time="0.116" /><testcase classname="tests.test_new_features.TestKYCVerification" name="test_get_kyc_verifications" time="0.098" /><testcase classname="tests.test_new_features.TestKYCVerification" name="test_kyc_status" time="0.094" /><testcase classname="tests.test_new_features.TestAPIKeyManagement" name="test_create_api_key" time="0.434" /><testcase classname="tests.test_new_features.TestAPIKeyManagement" name="test_create_api_key_missing_name" time="0.103" /><testcase classname="tests.test_new_features.TestAPIKeyManagement" name="test_list_api_keys" time="0.204" /><testcase classname="tests.test_new_features.TestAPIKeyManagement" name="test_get_api_usage" time="0.116" /><testcase classname="tests.test_new_features.TestAPIKeyManagement" name="test_get_integration_status" time="0.102" /><testcase classname="tests.test_new_features.TestAPIKeyManagement" name="test_revoke_api_key" time="0.101" /><testcase classname="tests.test_new_features.TestPublicAPIv1" name="test_v1_screen_missing_api_key" time="0.110" /><testcase classname="tests.test_new_features.TestPublicAPIv1" name="test_v1_screen_with_api_key" time="0.582" /><testcase classname="tests.test_new_features.TestPublicAPIv1" name="test_v1_screening_individual" time="0.104" /><testcase classname="tests.test_new_features.TestPublicAPIv1" name="test_v1_screening_batch" time="0.105" /><testcase classname="tests.test_new_features.TestPublicAPIv1" name="test_v1_screening_batch_empty" time="0.095" /><testcase classname="tests.test_new_features.TestPublicAPIv1" name="test_v1_risk_score" time="0.209" /><testcase classname="tests.test_new_features.TestPublicAPIv1" name="test_v1_risk_score_missing_customer_id" time="0.107" /><testcase classname="tests.test_new_features.TestQuickScreening" name="test_quick_screening_basic" time="11.665" /><testcase classname="tests.test_new_features.TestQuickScreening" name="test_quick_screening_with_kyc" time="0.150" /><testcase classname="tests.test_new_features.TestQuickScreening" name="test_quick_screening_missing_name" time="5.268" /><testcase classname="tests.test_new_features.TestCleanup" name="test_cleanup_test_api_keys" time="19.963" /><testcase classname="tests.test_rebrand.TestRebrandVerification" name="test_api_title_is_rudrik" time="35.801"><skipped type="pytest.skip" message="OpenAPI endpoint not returning valid JSON">/app/backend/tests/test_rebrand.py:31: OpenAPI endpoint not returning valid JSON</skipped></testcase><testcase classname="tests.test_rebrand.TestRebrandVerification" name="test_login_endpoint_works" time="0.371" /><testcase classname="tests.test_rebrand.TestRebrandVerification" name="test_settings_company_name_is_rudrik" time="0.398"><failure message="AssertionError: assert 'Rudrik' in 'AMLGuard Demo'&#10; +  where 'AMLGuard Demo' = &lt;built-in method get of dict object at 0xfce358780400&gt;('company_name', '')&#10; +    where &lt;built-in method get of dict object at 0xfce358780400&gt; = {'company_name': 'AMLGuard Demo', 'currency': 'INR', 'timezone': 'Asia/Kolkata'}.get&#10; +      where {'company_name': 'AMLGuard Demo', 'currency': 'INR', 'timezone': 'Asia/Kolkata'} = &lt;built-in method get of dict object at 0xfce3587835c0&gt;('general', {})&#10; +        where &lt;built-in method get of dict object at 0xfce3587835c0&gt; = {'compliance_rules': {'auto_create_case_high_risk': True, 'auto_escalate_unacceptable_risk': True, 'block_onboarding_kyc_fails': False, 'rescreen_interval_days': 90}, 'created_at': '2026-04-03T16:51:35.539153+00:00', 'general': {'company_name': 'AMLGuard Demo', 'currency': 'INR', 'timezone': 'Asia/Kolkata'}, 'integrations': {'opensanctions': {'api_key': '', 'enabled': True, 'status': 'demo'}, 'sanction_scanner': {'api_key': '', 'enabled': True, 'status': 'demo'}, 'signzy': {'api_key': '', 'enabled': True, 'status': 'demo'}}, ...}.get">tests/test_rebrand.py:55: in test_settings_company_name_is_rudrik
    assert "Rudrik" in data.get("general", {}).get("company_name", "")
E   AssertionError: assert 'Rudrik' in 'AMLGuard Demo'
E    +  where 'AMLGuard Demo' = &lt;built-in method get of dict object at 0xfce358780400&gt;('company_name', '')
E    +    where &lt;built-in method get of dict object at 0xfce358780400&gt; = {'company_name': 'AMLGuard Demo', 'currency': 'INR', 'timezone': 'Asia/Kolkata'}.get
E    +      where {'company_name': 'AMLGuard Demo', 'currency': 'INR', 'timezone': 'Asia/Kolkata'} = &lt;built-in method get of dict object at 0xfce3587835c0&gt;('general', {})
E    +        where &lt;built-in method get of dict object at 0xfce3587835c0&gt; = {'compliance_rules': {'auto_create_case_high_risk': True, 'auto_escalate_unacceptable_risk': True, 'block_onboarding_kyc_fails': False, 'rescreen_interval_days': 90}, 'created_at': '2026-04-03T16:51:35.539153+00:00', 'general': {'company_name': 'AMLGuard Demo', 'currency': 'INR', 'timezone': 'Asia/Kolkata'}, 'integrations': {'opensanctions': {'api_key': '', 'enabled': True, 'status': 'demo'}, 'sanction_scanner': {'api_key': '', 'enabled': True, 'status': 'demo'}, 'signzy': {'api_key': '', 'enabled': True, 'status': 'demo'}}, ...}.get</failure></testcase><testcase classname="tests.test_rebrand.TestRebrandVerification" name="test_dashboard_stats_available" time="0.391" /><testcase classname="tests.test_rebrand.TestRebrandVerification" name="test_team_members_have_rudrik_emails" time="0.397" /><testcase classname="tests.test_rebrand.TestRebrandVerification" name="test_screening_records_exist" time="0.378" /><testcase classname="tests.test_rebrand.TestRebrandVerification" name="test_customers_exist" time="0.368" /><testcase classname="tests.test_rebrand.TestRebrandVerification" name="test_cases_exist" time="0.371" /><testcase classname="tests.test_rebrand.TestRebrandVerification" name="test_audit_logs_exist" time="0.400" /><testcase classname="tests.test_screening.TestScreeningEndpoints" name="test_list_screenings_returns_paginated_results" time="0.372" /><testcase classname="tests.test_screening.TestScreeningEndpoints" name="test_list_screenings_page_2" time="0.370" /><testcase classname="tests.test_screening.TestScreeningEndpoints" name="test_list_screenings_filter_by_risk_level_high" time="0.376" /><testcase classname="tests.test_screening.TestScreeningEndpoints" name="test_list_screenings_filter_by_risk_level_low" time="0.369" /><testcase classname="tests.test_screening.TestScreeningEndpoints" name="test_list_screenings_search_by_name" time="0.377" /><testcase classname="tests.test_screening.TestScreeningEndpoints" name="test_screening_record_has_required_fields" time="0.394" /><testcase classname="tests.test_screening.TestScreeningEndpoints" name="test_run_screening_basic" time="0.400" /><testcase classname="tests.test_screening.TestScreeningEndpoints" name="test_run_screening_with_all_checks" time="0.403" /><testcase classname="tests.test_screening.TestScreeningEndpoints" name="test_run_screening_without_name_fails" time="0.391" /><testcase classname="tests.test_screening.TestScreeningEndpoints" name="test_run_screening_persists_record" time="0.419" /><testcase classname="tests.test_screening.TestScreeningEndpoints" name="test_get_single_screening" time="0.414" /><testcase classname="tests.test_screening.TestScreeningEndpoints" name="test_get_nonexistent_screening_returns_404" time="0.382" /><testcase classname="tests.test_screening.TestScreeningEndpoints" name="test_screening_result_structure" time="0.395" /><testcase classname="tests.test_screening.TestScreeningEndpoints" name="test_high_risk_country_increases_score" time="0.379" /><testcase classname="tests.test_settings.TestSettingsAuth" name="test_settings_requires_auth" time="0.104" /><testcase classname="tests.test_settings.TestSettingsAuth" name="test_team_requires_auth" time="0.095" /><testcase classname="tests.test_settings.TestGetSettings" name="test_get_settings_returns_200" time="0.434" /><testcase classname="tests.test_settings.TestGetSettings" name="test_settings_has_general_section" time="0.046" /><testcase classname="tests.test_settings.TestGetSettings" name="test_settings_general_has_default_values" time="0.046" /><testcase classname="tests.test_settings.TestGetSettings" name="test_settings_has_risk_scoring_section" time="0.046" /><testcase classname="tests.test_settings.TestGetSettings" name="test_settings_has_integrations_section" time="0.047" /><testcase classname="tests.test_settings.TestGetSettings" name="test_integration_has_required_fields" time="0.050" /><testcase classname="tests.test_settings.TestGetSettings" name="test_settings_has_notifications_section" time="0.045" /><testcase classname="tests.test_settings.TestGetSettings" name="test_settings_has_compliance_rules_section" time="0.046" /><testcase classname="tests.test_settings.TestGeneralSettings" name="test_update_company_name" time="0.512" /><testcase classname="tests.test_settings.TestGeneralSettings" name="test_update_timezone" time="0.159" /><testcase classname="tests.test_settings.TestGeneralSettings" name="test_update_currency" time="0.153" /><testcase classname="tests.test_settings.TestRiskScoringSettings" name="test_update_risk_weights" time="0.414" /><testcase classname="tests.test_settings.TestRiskScoringSettings" name="test_risk_weights_respect_max_limits" time="0.133" /><testcase classname="tests.test_settings.TestRiskScoringSettings" name="test_restore_default_weights" time="0.047" /><testcase classname="tests.test_settings.TestIntegrationsSettings" name="test_update_signzy_api_key" time="0.493" /><testcase classname="tests.test_settings.TestIntegrationsSettings" name="test_toggle_integration_enabled" time="0.168" /><testcase classname="tests.test_settings.TestIntegrationsSettings" name="test_test_connection_with_key" time="0.102" /><testcase classname="tests.test_settings.TestIntegrationsSettings" name="test_test_connection_without_key" time="0.116" /><testcase classname="tests.test_settings.TestIntegrationsSettings" name="test_invalid_provider_returns_400" time="0.056" /><testcase classname="tests.test_settings.TestIntegrationsSettings" name="test_restore_integration_defaults" time="0.106" /><testcase classname="tests.test_settings.TestNotificationsSettings" name="test_update_notification_toggles" time="0.509" /><testcase classname="tests.test_settings.TestNotificationsSettings" name="test_restore_notification_defaults" time="0.060" /><testcase classname="tests.test_settings.TestComplianceRulesSettings" name="test_update_compliance_rules" time="0.422" /><testcase classname="tests.test_settings.TestComplianceRulesSettings" name="test_update_rescreen_interval" time="0.420" /><testcase classname="tests.test_settings.TestComplianceRulesSettings" name="test_restore_compliance_defaults" time="0.050" /><testcase classname="tests.test_settings.TestTeamMembers" name="test_get_team_members" time="0.364" /><testcase classname="tests.test_settings.TestTeamMembers" name="test_team_members_have_required_fields" time="0.046" /><testcase classname="tests.test_settings.TestTeamMembers" name="test_invite_new_member" time="0.057" /><testcase classname="tests.test_settings.TestTeamMembers" name="test_invite_requires_name_and_email" time="0.048" /><testcase classname="tests.test_settings.TestTeamMembers" name="test_invite_validates_role" time="0.047" /><testcase classname="tests.test_settings.TestTeamMembers" name="test_invite_duplicate_email_fails" time="0.045" /><testcase classname="tests.test_settings.TestTeamMembers" name="test_update_member_role" time="0.137" /><testcase classname="tests.test_settings.TestTeamMembers" name="test_remove_team_member" time="0.147" /><testcase classname="tests.test_settings.TestTeamMembers" name="test_cannot_remove_self" time="0.089" /></testsuite></testsuites>