<?xml version="1.0" encoding="utf-8"?><testsuites name="pytest tests"><testsuite name="pytest" errors="0" failures="0" skipped="0" tests="19" time="4.371" timestamp="2026-04-14T17:58:22.913069+00:00" hostname="agent-env-32ed95c8-3c76-44d9-b974-e43f7c72fbb6"><testcase classname="backend.tests.test_sanctions_io.TestScreeningStatus" name="test_get_screening_status_returns_demo_mode" time="0.612" /><testcase classname="backend.tests.test_sanctions_io.TestScreeningStatus" name="test_get_screening_status_requires_auth" time="0.145" /><testcase classname="backend.tests.test_sanctions_io.TestSanctionsApiKey" name="test_save_invalid_api_key_returns_400" time="0.611" /><testcase classname="backend.tests.test_sanctions_io.TestSanctionsApiKey" name="test_save_empty_api_key_removes_key" time="0.138" /><testcase classname="backend.tests.test_sanctions_io.TestSanctionsApiKey" name="test_delete_api_key_switches_to_demo" time="0.106" /><testcase classname="backend.tests.test_sanctions_io.TestSanctionsApiKey" name="test_save_api_key_requires_auth" time="0.104" /><testcase classname="backend.tests.test_sanctions_io.TestSanctionsApiKey" name="test_delete_api_key_requires_auth" time="0.107" /><testcase classname="backend.tests.test_sanctions_io.TestScreeningRun" name="test_run_screening_demo_mode_sanctions_only" time="0.157" /><testcase classname="backend.tests.test_sanctions_io.TestScreeningRun" name="test_run_screening_demo_mode_all_checks" time="0.220" /><testcase classname="backend.tests.test_sanctions_io.TestScreeningRun" name="test_run_screening_returns_risk_score" time="0.137" /><testcase classname="backend.tests.test_sanctions_io.TestScreeningRun" name="test_run_screening_with_high_risk_country" time="0.107" /><testcase classname="backend.tests.test_sanctions_io.TestScreeningRun" name="test_run_screening_requires_fullname" time="0.109" /><testcase classname="backend.tests.test_sanctions_io.TestScreeningRun" name="test_run_screening_requires_auth" time="0.126" /><testcase classname="backend.tests.test_sanctions_io.TestScreeningRun" name="test_run_screening_returns_matched_entities" time="0.111" /><testcase classname="backend.tests.test_sanctions_io.TestScreeningHistory" name="test_get_screenings_list" time="0.120" /><testcase classname="backend.tests.test_sanctions_io.TestScreeningHistory" name="test_get_screenings_with_risk_filter" time="0.107" /><testcase classname="backend.tests.test_sanctions_io.TestScreeningWithApiKeyInBody" name="test_run_screening_without_api_key_returns_demo_mode" time="0.116" /><testcase classname="backend.tests.test_sanctions_io.TestScreeningWithApiKeyInBody" name="test_run_screening_with_fake_api_key_falls_back_to_demo" time="0.603" /><testcase classname="backend.tests.test_sanctions_io.TestScreeningWithApiKeyInBody" name="test_run_screening_with_api_key_returns_proper_structure" time="0.581" /></testsuite></testsuites>