<?xml version="1.0" encoding="utf-8"?><testsuites name="pytest tests"><testsuite name="pytest" errors="0" failures="0" skipped="0" tests="16" time="3.456" timestamp="2026-04-14T17:38:46.672958+00:00" hostname="agent-env-32ed95c8-3c76-44d9-b974-e43f7c72fbb6"><testcase classname="tests.test_sanctions_io.TestScreeningStatus" name="test_get_screening_status_returns_demo_mode" time="0.685" /><testcase classname="tests.test_sanctions_io.TestScreeningStatus" name="test_get_screening_status_requires_auth" time="0.151" /><testcase classname="tests.test_sanctions_io.TestSanctionsApiKey" name="test_save_invalid_api_key_returns_400" time="0.701" /><testcase classname="tests.test_sanctions_io.TestSanctionsApiKey" name="test_save_empty_api_key_removes_key" time="0.167" /><testcase classname="tests.test_sanctions_io.TestSanctionsApiKey" name="test_delete_api_key_switches_to_demo" time="0.139" /><testcase classname="tests.test_sanctions_io.TestSanctionsApiKey" name="test_save_api_key_requires_auth" time="0.150" /><testcase classname="tests.test_sanctions_io.TestSanctionsApiKey" name="test_delete_api_key_requires_auth" time="0.141" /><testcase classname="tests.test_sanctions_io.TestScreeningRun" name="test_run_screening_demo_mode_sanctions_only" time="0.144" /><testcase classname="tests.test_sanctions_io.TestScreeningRun" name="test_run_screening_demo_mode_all_checks" time="0.137" /><testcase classname="tests.test_sanctions_io.TestScreeningRun" name="test_run_screening_returns_risk_score" time="0.155" /><testcase classname="tests.test_sanctions_io.TestScreeningRun" name="test_run_screening_with_high_risk_country" time="0.140" /><testcase classname="tests.test_sanctions_io.TestScreeningRun" name="test_run_screening_requires_fullname" time="0.146" /><testcase classname="tests.test_sanctions_io.TestScreeningRun" name="test_run_screening_requires_auth" time="0.160" /><testcase classname="tests.test_sanctions_io.TestScreeningRun" name="test_run_screening_returns_matched_entities" time="0.135" /><testcase classname="tests.test_sanctions_io.TestScreeningHistory" name="test_get_screenings_list" time="0.135" /><testcase classname="tests.test_sanctions_io.TestScreeningHistory" name="test_get_screenings_with_risk_filter" time="0.133" /></testsuite></testsuites>