<?xml version="1.0" encoding="utf-8"?><testsuites name="pytest tests"><testsuite name="pytest" errors="0" failures="0" skipped="0" tests="14" time="5.740" timestamp="2026-04-03T15:54:47.278382+00:00" hostname="agent-env-32ed95c8-3c76-44d9-b974-e43f7c72fbb6"><testcase classname="backend.tests.test_screening.TestScreeningEndpoints" name="test_list_screenings_returns_paginated_results" time="0.426" /><testcase classname="backend.tests.test_screening.TestScreeningEndpoints" name="test_list_screenings_page_2" time="0.377" /><testcase classname="backend.tests.test_screening.TestScreeningEndpoints" name="test_list_screenings_filter_by_risk_level_high" time="0.399" /><testcase classname="backend.tests.test_screening.TestScreeningEndpoints" name="test_list_screenings_filter_by_risk_level_low" time="0.377" /><testcase classname="backend.tests.test_screening.TestScreeningEndpoints" name="test_list_screenings_search_by_name" time="0.388" /><testcase classname="backend.tests.test_screening.TestScreeningEndpoints" name="test_screening_record_has_required_fields" time="0.377" /><testcase classname="backend.tests.test_screening.TestScreeningEndpoints" name="test_run_screening_basic" time="0.435" /><testcase classname="backend.tests.test_screening.TestScreeningEndpoints" name="test_run_screening_with_all_checks" time="0.401" /><testcase classname="backend.tests.test_screening.TestScreeningEndpoints" name="test_run_screening_without_name_fails" time="0.412" /><testcase classname="backend.tests.test_screening.TestScreeningEndpoints" name="test_run_screening_persists_record" time="0.425" /><testcase classname="backend.tests.test_screening.TestScreeningEndpoints" name="test_get_single_screening" time="0.435" /><testcase classname="backend.tests.test_screening.TestScreeningEndpoints" name="test_get_nonexistent_screening_returns_404" time="0.398" /><testcase classname="backend.tests.test_screening.TestScreeningEndpoints" name="test_screening_result_structure" time="0.383" /><testcase classname="backend.tests.test_screening.TestScreeningEndpoints" name="test_high_risk_country_increases_score" time="0.429" /></testsuite></testsuites>