<?xml version="1.0" encoding="utf-8"?><testsuites name="pytest tests"><testsuite name="pytest" errors="0" failures="0" skipped="0" tests="36" time="6.147" timestamp="2026-04-03T16:58:16.537548+00:00" hostname="agent-env-32ed95c8-3c76-44d9-b974-e43f7c72fbb6"><testcase classname="backend.tests.test_settings.TestSettingsAuth" name="test_settings_requires_auth" time="0.223" /><testcase classname="backend.tests.test_settings.TestSettingsAuth" name="test_team_requires_auth" time="0.102" /><testcase classname="backend.tests.test_settings.TestGetSettings" name="test_get_settings_returns_200" time="0.410" /><testcase classname="backend.tests.test_settings.TestGetSettings" name="test_settings_has_general_section" time="0.048" /><testcase classname="backend.tests.test_settings.TestGetSettings" name="test_settings_general_has_default_values" time="0.047" /><testcase classname="backend.tests.test_settings.TestGetSettings" name="test_settings_has_risk_scoring_section" time="0.049" /><testcase classname="backend.tests.test_settings.TestGetSettings" name="test_settings_has_integrations_section" time="0.045" /><testcase classname="backend.tests.test_settings.TestGetSettings" name="test_integration_has_required_fields" time="0.044" /><testcase classname="backend.tests.test_settings.TestGetSettings" name="test_settings_has_notifications_section" time="0.128" /><testcase classname="backend.tests.test_settings.TestGetSettings" name="test_settings_has_compliance_rules_section" time="0.054" /><testcase classname="backend.tests.test_settings.TestGeneralSettings" name="test_update_company_name" time="0.534" /><testcase classname="backend.tests.test_settings.TestGeneralSettings" name="test_update_timezone" time="0.149" /><testcase classname="backend.tests.test_settings.TestGeneralSettings" name="test_update_currency" time="0.154" /><testcase classname="backend.tests.test_settings.TestRiskScoringSettings" name="test_update_risk_weights" time="0.471" /><testcase classname="backend.tests.test_settings.TestRiskScoringSettings" name="test_risk_weights_respect_max_limits" time="0.103" /><testcase classname="backend.tests.test_settings.TestRiskScoringSettings" name="test_restore_default_weights" time="0.049" /><testcase classname="backend.tests.test_settings.TestIntegrationsSettings" name="test_update_signzy_api_key" time="0.457" /><testcase classname="backend.tests.test_settings.TestIntegrationsSettings" name="test_toggle_integration_enabled" time="0.149" /><testcase classname="backend.tests.test_settings.TestIntegrationsSettings" name="test_test_connection_with_key" time="0.096" /><testcase classname="backend.tests.test_settings.TestIntegrationsSettings" name="test_test_connection_without_key" time="0.100" /><testcase classname="backend.tests.test_settings.TestIntegrationsSettings" name="test_invalid_provider_returns_400" time="0.055" /><testcase classname="backend.tests.test_settings.TestIntegrationsSettings" name="test_restore_integration_defaults" time="0.099" /><testcase classname="backend.tests.test_settings.TestNotificationsSettings" name="test_update_notification_toggles" time="0.445" /><testcase classname="backend.tests.test_settings.TestNotificationsSettings" name="test_restore_notification_defaults" time="0.058" /><testcase classname="backend.tests.test_settings.TestComplianceRulesSettings" name="test_update_compliance_rules" time="0.496" /><testcase classname="backend.tests.test_settings.TestComplianceRulesSettings" name="test_update_rescreen_interval" time="0.311" /><testcase classname="backend.tests.test_settings.TestComplianceRulesSettings" name="test_restore_compliance_defaults" time="0.048" /><testcase classname="backend.tests.test_settings.TestTeamMembers" name="test_get_team_members" time="0.378" /><testcase classname="backend.tests.test_settings.TestTeamMembers" name="test_team_members_have_required_fields" time="0.055" /><testcase classname="backend.tests.test_settings.TestTeamMembers" name="test_invite_new_member" time="0.053" /><testcase classname="backend.tests.test_settings.TestTeamMembers" name="test_invite_requires_name_and_email" time="0.050" /><testcase classname="backend.tests.test_settings.TestTeamMembers" name="test_invite_validates_role" time="0.053" /><testcase classname="backend.tests.test_settings.TestTeamMembers" name="test_invite_duplicate_email_fails" time="0.072" /><testcase classname="backend.tests.test_settings.TestTeamMembers" name="test_update_member_role" time="0.162" /><testcase classname="backend.tests.test_settings.TestTeamMembers" name="test_remove_team_member" time="0.167" /><testcase classname="backend.tests.test_settings.TestTeamMembers" name="test_cannot_remove_self" time="0.106" /></testsuite></testsuites>