<?xml version="1.0" encoding="utf-8"?><testsuites name="pytest tests"><testsuite name="pytest" errors="0" failures="0" skipped="0" tests="29" time="2.540" timestamp="2026-04-14T18:49:18.381870+00:00" hostname="agent-env-32ed95c8-3c76-44d9-b974-e43f7c72fbb6"><testcase classname="backend.tests.test_sla.TestSLAMetricsEndpoint" name="test_sla_metrics_returns_200" time="0.525" /><testcase classname="backend.tests.test_sla.TestSLAMetricsEndpoint" name="test_sla_metrics_has_screening_turnaround" time="0.044" /><testcase classname="backend.tests.test_sla.TestSLAMetricsEndpoint" name="test_sla_metrics_has_case_resolution" time="0.050" /><testcase classname="backend.tests.test_sla.TestSLAMetricsEndpoint" name="test_sla_metrics_has_escalation" time="0.046" /><testcase classname="backend.tests.test_sla.TestSLAMetricsEndpoint" name="test_sla_metrics_has_weekly_trend" time="0.049" /><testcase classname="backend.tests.test_sla.TestSLAMetricsEndpoint" name="test_sla_metrics_has_donut_data" time="0.055" /><testcase classname="backend.tests.test_sla.TestSLAMetricsEndpoint" name="test_sla_metrics_requires_auth" time="0.158" /><testcase classname="backend.tests.test_sla.TestSLABreachesEndpoint" name="test_sla_breaches_returns_200" time="0.048" /><testcase classname="backend.tests.test_sla.TestSLABreachesEndpoint" name="test_sla_breaches_has_breaches_list" time="0.047" /><testcase classname="backend.tests.test_sla.TestSLABreachesEndpoint" name="test_sla_breaches_has_unacknowledged_count" time="0.051" /><testcase classname="backend.tests.test_sla.TestSLABreachesEndpoint" name="test_sla_breach_item_structure" time="0.045" /><testcase classname="backend.tests.test_sla.TestSLABreachesEndpoint" name="test_sla_breaches_requires_auth" time="0.107" /><testcase classname="backend.tests.test_sla.TestSLABreachAcknowledge" name="test_acknowledge_breach_returns_200" time="0.052" /><testcase classname="backend.tests.test_sla.TestSLABreachAcknowledge" name="test_acknowledge_breach_returns_message" time="0.060" /><testcase classname="backend.tests.test_sla.TestSLABreachAcknowledge" name="test_acknowledge_requires_auth" time="0.136" /><testcase classname="backend.tests.test_sla.TestSLAConfigEndpoint" name="test_update_sla_config_returns_200" time="0.049" /><testcase classname="backend.tests.test_sla.TestSLAConfigEndpoint" name="test_update_sla_config_returns_message" time="0.058" /><testcase classname="backend.tests.test_sla.TestSLAConfigEndpoint" name="test_update_sla_config_custom_values" time="0.116" /><testcase classname="backend.tests.test_sla.TestSLAConfigEndpoint" name="test_update_sla_config_requires_auth" time="0.126" /><testcase classname="backend.tests.test_sla.TestSettingsIncludesSLAConfig" name="test_settings_returns_200" time="0.045" /><testcase classname="backend.tests.test_sla.TestSettingsIncludesSLAConfig" name="test_settings_includes_sla_config" time="0.051" /><testcase classname="backend.tests.test_sla.TestSettingsIncludesSLAConfig" name="test_sla_config_has_rbi_defaults" time="0.049" /><testcase classname="backend.tests.test_sla.TestScreeningsSLAStatus" name="test_screenings_returns_200" time="0.054" /><testcase classname="backend.tests.test_sla.TestScreeningsSLAStatus" name="test_screenings_have_sla_status" time="0.050" /><testcase classname="backend.tests.test_sla.TestScreeningsSLAStatus" name="test_screenings_have_sla_elapsed_hrs" time="0.048" /><testcase classname="backend.tests.test_sla.TestScreeningsSLAStatus" name="test_screenings_sla_status_distribution" time="0.061" /><testcase classname="backend.tests.test_sla.TestSLAMetricsReflectsConfig" name="test_metrics_use_configured_screening_target" time="0.092" /><testcase classname="backend.tests.test_sla.TestSLAMetricsReflectsConfig" name="test_metrics_use_configured_case_target" time="0.092" /><testcase classname="backend.tests.test_sla.TestSLAMetricsReflectsConfig" name="test_metrics_use_configured_sar_target" time="0.112" /></testsuite></testsuites>